
Gurobi 13.0.2 (win64) logging started Tue Jun 23 17:20:34 2026

Set parameter LogFile to value "c:\Users\Liyun\MACRO_NZC\NZC_Power Sector_12day_WIP\case\gurobi.log"

Gurobi 13.0.2 (win64) logging started Tue Jun 23 17:27:18 2026

Set parameter LogFile to value "c:\Users\Liyun\MACRO_NZC\NZC_Power Sector_12day_WIP\case\gurobi.log"

Gurobi 13.0.2 (win64) logging started Tue Jun 23 18:04:18 2026

Set parameter LogFile to value "c:\Users\Liyun\MACRO_NZC\NZC_Power Sector_12day_WIP\case\gurobi.log"

Gurobi 13.0.2 (win64) logging started Tue Jun 23 18:04:40 2026

Set parameter LogFile to value "c:\Users\Liyun\MACRO_NZC\NZC_Power Sector_12day_WIP\case\gurobi.log"
Gurobi Optimizer version 13.0.2 build v13.0.2rc1 (win64 - Windows 11+.0 (26200.2))

CPU model: Intel(R) Core(TM) Ultra 9 288V, instruction set [SSE2|AVX|AVX2]
Thread count: 8 physical cores, 8 logical processors, using up to 8 threads

Non-default parameters:
Method  2
BarConvTol  0.01
Crossover  0
Threads  8

Academic license 2760258 - for non-commercial use only - registered to hl___@princeton.edu
Optimize a model with 1271854 rows, 800596 columns and 3802213 nonzeros (Min)
Model fingerprint: 0x390cc194
Model has 206912 linear objective coefficients
Coefficient statistics:
  Matrix range     [1e-03, 1e+06]
  Objective range  [2e+01, 3e+08]
  Bounds range     [1e+00, 1e+00]
  RHS range        [4e+00, 1e+06]

Presolve removed 746976 rows and 469646 columns
Presolve time: 1.13s
Presolved: 524878 rows, 330950 columns, 2471492 nonzeros
Ordering time: 2.11s
Ordering time: 2.52s

Barrier statistics:
 Dense cols : 561
 AA' NZ     : 4.735e+06
 Factor NZ  : 1.380e+07 (roughly 500 MB of memory)
 Factor Ops : 1.897e+09 (less than 1 second per iteration)
 Threads    : 8

                  Objective                Residual
Iter       Primal          Dual         Primal    Dual     Compl     Time
   0   2.78216352e+16 -2.49594682e+15  1.36e+09 9.31e-10  1.80e+13     5s
   1   2.57011662e+16 -7.48720238e+15  1.23e+09 2.34e+06  1.15e+13     5s
   2   1.61593802e+16 -1.24258561e+16  7.40e+08 6.52e+05  6.10e+12     5s
   3   1.00199845e+16 -1.37540474e+16  4.03e+08 2.67e+05  3.26e+12     5s
   4   8.73292980e+15 -1.39766304e+16  3.10e+08 1.43e+05  2.41e+12     5s
   5   1.91160317e+16 -1.35210372e+16  2.51e+08 7.73e+04  1.88e+12     5s
   6   1.89841010e+16 -1.33364631e+16  1.65e+08 3.56e+04  1.22e+12     6s
   7   1.70114702e+16 -1.28021772e+16  9.39e+07 1.20e+04  6.91e+11     6s
   8   1.14328327e+16 -1.21199950e+16  4.70e+07 6.33e+03  3.57e+11     6s
   9   3.40354815e+15 -1.02377739e+16  8.80e+06 1.75e+03  7.79e+10     6s
  10   1.57826382e+15 -6.93049987e+15  3.17e+06 2.49e+02  2.96e+10     6s
  11   9.87158655e+14 -3.48285489e+15  1.48e+06 4.67e+01  1.26e+10     7s
  12   7.56178420e+14 -1.97806809e+15  1.01e+06 8.68e+00  7.35e+09     7s
  13   4.34311524e+14 -1.51175636e+15  4.96e+05 2.46e+00  4.16e+09     7s
  14   3.02652452e+14 -8.74681516e+14  3.07e+05 7.91e-01  2.34e+09     7s
  15   6.09170109e+13 -5.96875041e+14  2.35e+04 3.61e-01  8.51e+08     7s
  16   3.44114478e+13 -1.96703153e+14  6.67e+03 1.17e-01  2.88e+08     7s
  17   2.09084930e+13 -9.66201954e+13  2.28e+03 5.02e-02  1.44e+08     8s
  18   1.68772752e+13 -5.68665350e+13  1.55e+03 2.85e-02  9.00e+07     8s
  19   1.26876008e+13 -4.00792328e+13  9.39e+02 1.94e-02  6.41e+07     8s
  20   1.08681817e+13 -2.48788998e+13  7.37e+02 1.28e-02  4.34e+07     8s
  21   9.82869673e+12 -1.13260062e+13  6.37e+02 6.80e-03  2.57e+07     8s
  22   7.73540388e+12 -5.52450708e+12  4.58e+02 3.90e-03  1.61e+07     8s
  23   6.53798286e+12 -3.92561423e+12  3.70e+02 2.95e-03  1.27e+07     9s
  24   5.55088669e+12 -1.97919695e+12  2.94e+02 1.81e-03  9.15e+06     9s
  25   4.98132359e+12 -6.60797820e+11  2.54e+02 1.08e-03  6.85e+06     9s
  26   4.24878595e+12 -8.66905720e+10  2.00e+02 9.01e-04  5.26e+06     9s
  27   3.55344918e+12  3.57032866e+11  1.49e+02 3.86e-04  3.87e+06     9s
  28   2.85205564e+12  6.85893999e+11  9.94e+01 2.26e-04  2.62e+06    10s
  29   2.58913320e+12  9.32361824e+11  8.15e+01 1.40e-04  2.00e+06    10s
  30   2.29315797e+12  1.06045665e+12  6.10e+01 8.10e-05  1.49e+06    10s
  31   2.11220086e+12  1.14264388e+12  4.97e+01 5.60e-05  1.17e+06    10s
  32   1.94104207e+12  1.20415143e+12  3.75e+01 3.76e-05  8.88e+05    11s
  33   1.80181356e+12  1.25377101e+12  2.77e+01 2.44e-05  6.60e+05    11s
  34   1.71360097e+12  1.28908232e+12  2.16e+01 1.62e-05  5.11e+05    11s
  35   1.63131267e+12  1.31728205e+12  1.60e+01 1.03e-05  3.78e+05    11s
  36   1.59026876e+12  1.33354478e+12  1.27e+01 7.55e-06  3.08e+05    12s
  37   1.54443080e+12  1.34788472e+12  9.32e+00 5.37e-06  2.36e+05    12s
  38   1.51471208e+12  1.36156294e+12  7.19e+00 3.56e-06  1.84e+05    12s
  39   1.48846550e+12  1.37030308e+12  5.49e+00 2.49e-06  1.42e+05    12s
  40   1.46891244e+12  1.37862581e+12  4.24e+00 1.57e-06  1.08e+05    12s
  41   1.45242049e+12  1.38477878e+12  3.25e+00 9.65e-07  8.11e+04    13s
  42   1.44219684e+12  1.38807491e+12  2.60e+00 6.80e-07  6.49e+04    13s
  43   1.43310338e+12  1.39046595e+12  2.08e+00 5.17e-07  5.11e+04    13s
  44   1.42311743e+12  1.39246061e+12  1.48e+00 3.73e-07  3.67e+04    13s
  45   1.41828126e+12  1.39382819e+12  1.19e+00 2.80e-07  2.93e+04    13s
  46   1.41334227e+12  1.39484582e+12  8.87e-01 2.10e-07  2.22e+04    14s
  47   1.41068827e+12  1.39596315e+12  7.21e-01 1.49e-07  1.76e+04    14s
  48   1.40906052e+12  1.39686907e+12  6.21e-01 9.80e-08  1.46e+04    14s

Barrier solved model in 48 iterations and 14.22 seconds (20.22 work units)
Optimal objective 1.40906052e+12


User-callback calls 1226, time in user-callback 0.00 sec

Gurobi 13.0.2 (win64) logging started Tue Jun 23 18:08:33 2026

Set parameter LogFile to value "c:\Users\Liyun\MACRO_NZC\NZC_Power Sector_12day_WIP\case\gurobi.log"

Gurobi 13.0.2 (win64) logging started Tue Jun 23 18:08:41 2026

Set parameter LogFile to value "c:\Users\Liyun\MACRO_NZC\NZC_Power Sector_12day_WIP\case\gurobi.log"
Gurobi Optimizer version 13.0.2 build v13.0.2rc1 (win64 - Windows 11+.0 (26200.2))

CPU model: Intel(R) Core(TM) Ultra 9 288V, instruction set [SSE2|AVX|AVX2]
Thread count: 8 physical cores, 8 logical processors, using up to 8 threads

Non-default parameters:
Method  2
BarConvTol  0.01
Crossover  0
Threads  8

Academic license 2760258 - for non-commercial use only - registered to hl___@princeton.edu
Optimize a model with 1271842 rows, 800584 columns and 3802189 nonzeros (Min)
Model fingerprint: 0x9b371825
Model has 206912 linear objective coefficients
Coefficient statistics:
  Matrix range     [1e-03, 2e+05]
  Objective range  [2e+01, 3e+08]
  Bounds range     [1e+00, 1e+00]
  RHS range        [7e+00, 1e+06]

Presolve removed 746964 rows and 469634 columns
Presolve time: 1.17s
Presolved: 524878 rows, 330950 columns, 2471492 nonzeros
Ordering time: 2.10s
Ordering time: 2.51s

Barrier statistics:
 Dense cols : 561
 AA' NZ     : 4.735e+06
 Factor NZ  : 1.380e+07 (roughly 500 MB of memory)
 Factor Ops : 1.897e+09 (less than 1 second per iteration)
 Threads    : 8

                  Objective                Residual
Iter       Primal          Dual         Primal    Dual     Compl     Time
   0   9.40150681e+15 -2.49600582e+15  4.56e+08 9.31e-10  6.04e+12     5s
   1   8.67623180e+15 -5.44996345e+15  4.16e+08 2.38e+06  3.92e+12     5s
   2   5.45305031e+15 -9.22921038e+15  2.50e+08 6.68e+05  2.05e+12     5s
   3   3.31289576e+15 -1.01425414e+16  1.32e+08 2.61e+05  1.06e+12     5s
   4   3.16470604e+15 -9.99193575e+15  9.31e+07 1.84e+05  7.59e+11     5s
   5   6.60349403e+15 -9.37821122e+15  5.66e+07 8.03e+04  4.49e+11     6s
   6   6.70356150e+15 -8.42570513e+15  3.57e+07 3.41e+04  2.75e+11     6s
   7   4.98397458e+15 -7.00107259e+15  1.60e+07 8.35e+03  1.22e+11     6s
   8   1.99400910e+15 -5.71274265e+15  4.31e+06 3.59e+03  3.80e+10     6s
   9   1.14438194e+15 -3.95200264e+15  2.20e+06 1.24e+03  1.93e+10     6s
  10   3.93469526e+14 -2.21936858e+15  9.50e+05 3.43e+02  8.08e+09     6s
  11   6.67401257e+14 -1.46678151e+15  7.67e+05 1.93e+02  5.79e+09     7s
  12   4.02611017e+14 -8.63598575e+14  4.50e+05 7.71e+01  3.14e+09     7s
  13   2.75669384e+14 -7.91153431e+14  2.84e+05 6.59e+01  2.29e+09     7s
  14   2.07995081e+14 -3.48836343e+14  2.00e+05 5.88e+00  1.22e+09     7s
  15   1.14782350e+14 -1.43306177e+14  9.94e+04 8.05e-01  5.24e+08     7s
  16   5.77970376e+13 -7.97814194e+13  4.56e+04 3.31e-01  2.47e+08     7s
  17   2.03555434e+13 -3.29230968e+13  1.33e+04 1.73e-01  8.08e+07     8s
  18   1.33901942e+13 -1.53151737e+13  7.88e+03 4.27e-02  4.18e+07     8s
  19   1.13805516e+13 -1.09992819e+13  6.28e+03 3.76e-02  3.22e+07     8s
  20   9.60455122e+12 -7.60299759e+12  4.99e+03 3.01e-02  2.45e+07     8s
  21   8.23493726e+12 -3.70385000e+12  4.07e+03 1.28e-02  1.68e+07     8s
  22   6.04009622e+12 -1.81613597e+12  2.62e+03 5.01e-03  1.08e+07     8s
  23   4.88928868e+12 -4.24559046e+11  1.86e+03 2.48e-03  7.20e+06     9s
  24   4.07661552e+12  3.64020349e+11  1.34e+03 1.01e-03  4.95e+06     9s
  25   3.57006652e+12  5.41281571e+11  1.04e+03 8.46e-04  4.00e+06     9s
  26   3.41591856e+12  6.46651594e+11  9.44e+02 7.44e-04  3.65e+06     9s
  27   3.07869094e+12  8.19622143e+11  7.50e+02 5.82e-04  2.95e+06     9s
  28   2.74704849e+12  1.02742313e+12  5.58e+02 4.38e-04  2.22e+06    10s
  29   2.57826608e+12  1.20916673e+12  4.65e+02 2.92e-04  1.75e+06    10s
  30   2.38864472e+12  1.27614283e+12  3.65e+02 2.41e-04  1.42e+06    10s
  31   2.26364306e+12  1.33338508e+12  3.01e+02 1.96e-04  1.18e+06    10s
  32   2.13282919e+12  1.38636605e+12  2.35e+02 1.55e-04  9.40e+05    10s
  33   2.02694988e+12  1.42500223e+12  1.81e+02 1.27e-04  7.53e+05    11s
  34   1.95627385e+12  1.47439397e+12  1.45e+02 9.46e-05  6.00e+05    11s
  35   1.90292692e+12  1.51860686e+12  1.18e+02 5.93e-05  4.76e+05    11s
  36   1.82748159e+12  1.54659018e+12  8.00e+01 4.42e-05  3.46e+05    11s
  37   1.78158198e+12  1.57297628e+12  5.74e+01 3.07e-05  2.56e+05    11s
  38   1.75286537e+12  1.59287066e+12  4.40e+01 2.11e-05  1.96e+05    12s
  39   1.73015350e+12  1.61264783e+12  3.37e+01 1.23e-05  1.43e+05    12s
  40   1.71418399e+12  1.61932610e+12  2.70e+01 9.55e-06  1.15e+05    12s
  41   1.69600462e+12  1.62629192e+12  1.92e+01 6.86e-06  8.47e+04    12s
  42   1.68631528e+12  1.63204092e+12  1.52e+01 4.82e-06  6.58e+04    13s
  43   1.67949391e+12  1.63529271e+12  1.23e+01 3.74e-06  5.35e+04    13s
  44   1.67459678e+12  1.63862134e+12  1.03e+01 2.82e-06  4.35e+04    13s
  45   1.66902249e+12  1.64020963e+12  8.03e+00 2.29e-06  3.48e+04    13s
  46   1.66439374e+12  1.64176786e+12  6.11e+00 1.81e-06  2.73e+04    13s
  47   1.66211506e+12  1.64287821e+12  5.19e+00 1.48e-06  2.32e+04    14s
  48   1.65988170e+12  1.64418475e+12  4.28e+00 1.10e-06  1.89e+04    14s

Barrier solved model in 48 iterations and 13.90 seconds (19.75 work units)
Optimal objective 1.65988170e+12


User-callback calls 1100, time in user-callback 0.00 sec

Gurobi 13.0.2 (win64) logging started Tue Jun 23 18:12:20 2026

Set parameter LogFile to value "c:\Users\Liyun\MACRO_NZC\NZC_Power Sector_12day_WIP\case\gurobi.log"

Gurobi 13.0.2 (win64) logging started Tue Jun 23 18:12:28 2026

Set parameter LogFile to value "c:\Users\Liyun\MACRO_NZC\NZC_Power Sector_12day_WIP\case\gurobi.log"
Gurobi Optimizer version 13.0.2 build v13.0.2rc1 (win64 - Windows 11+.0 (26200.2))

CPU model: Intel(R) Core(TM) Ultra 9 288V, instruction set [SSE2|AVX|AVX2]
Thread count: 8 physical cores, 8 logical processors, using up to 8 threads

Non-default parameters:
Method  2
BarConvTol  0.01
Crossover  0
Threads  8

Academic license 2760258 - for non-commercial use only - registered to hl___@princeton.edu
Optimize a model with 1271842 rows, 800584 columns and 3802189 nonzeros (Min)
Model fingerprint: 0xbd0a3a01
Model has 206912 linear objective coefficients
Coefficient statistics:
  Matrix range     [1e-03, 2e+05]
  Objective range  [2e+01, 3e+08]
  Bounds range     [1e+00, 1e+00]
  RHS range        [7e+00, 1e+06]

Presolve removed 746964 rows and 469634 columns
Presolve time: 1.12s
Presolved: 524878 rows, 330950 columns, 2471492 nonzeros
Ordering time: 2.12s
Ordering time: 2.52s

Barrier statistics:
 Dense cols : 561
 AA' NZ     : 4.735e+06
 Factor NZ  : 1.380e+07 (roughly 500 MB of memory)
 Factor Ops : 1.897e+09 (less than 1 second per iteration)
 Threads    : 8

                  Objective                Residual
Iter       Primal          Dual         Primal    Dual     Compl     Time
   0   5.83522102e+15 -2.49601153e+15  2.81e+08 9.31e-10  3.73e+12     5s
   1   5.37170358e+15 -4.68992775e+15  2.59e+08 2.67e+06  2.52e+12     5s
   2   3.81372271e+15 -8.19632188e+15  1.81e+08 6.29e+05  1.41e+12     5s
   3   2.15846934e+15 -8.87690110e+15  8.90e+07 2.79e+05  6.98e+11     5s
   4   1.82592303e+15 -8.56697887e+15  6.04e+07 1.77e+05  4.78e+11     5s
   5   4.24128447e+15 -7.80847344e+15  3.46e+07 7.37e+04  2.66e+11     6s
   6   4.22657277e+15 -6.56628079e+15  1.95e+07 2.59e+04  1.45e+11     6s
   7   2.83937638e+15 -5.07543741e+15  7.60e+06 6.91e+03  5.77e+10     6s
   8   1.89648283e+15 -3.83705754e+15  4.56e+06 2.75e+03  3.39e+10     6s
   9   1.06630863e+15 -2.72977587e+15  2.08e+06 9.08e+02  1.60e+10     6s
  10   5.05066635e+14 -1.57150593e+15  9.80e+05 2.07e+02  7.30e+09     6s
  11   2.81254853e+14 -1.14906851e+15  5.69e+05 9.88e+01  4.34e+09     7s
  12   1.87653497e+14 -7.61680177e+14  3.84e+05 4.45e+01  2.77e+09     7s
  13   1.54017954e+14 -3.64236518e+14  2.69e+05 7.70e+00  1.53e+09     7s
  14   9.33933099e+13 -1.79147271e+14  1.48e+05 2.25e-01  7.48e+08     7s
  15   4.71203020e+13 -1.00984143e+14  6.32e+04 1.10e-01  3.31e+08     7s
  16   1.59700521e+13 -5.45287535e+13  1.58e+04 1.29e-01  1.16e+08     7s
  17   1.16855200e+13 -1.76136099e+13  1.02e+04 2.53e-02  4.80e+07     8s
  18   9.01592615e+12 -1.03945556e+13  7.05e+03 1.24e-02  3.06e+07     8s
  19   7.40831610e+12 -7.33071841e+12  5.21e+03 7.07e-03  2.25e+07     8s
  20   6.49436967e+12 -4.64287532e+12  4.27e+03 3.90e-03  1.68e+07     8s
  21   5.52793266e+12 -2.71705604e+12  3.34e+03 2.18e-03  1.21e+07     8s
  22   4.53452623e+12 -1.10627226e+12  2.42e+03 1.17e-03  8.05e+06     8s
  23   3.83572186e+12 -3.86292134e+11  1.78e+03 8.42e-04  5.86e+06     9s
  24   3.34188302e+12  1.76117197e+11  1.33e+03 6.58e-04  4.31e+06     9s
  25   3.03856961e+12  5.57323909e+11  1.05e+03 5.05e-04  3.33e+06     9s
  26   2.84842134e+12  6.99523625e+11  8.79e+02 4.39e-04  2.86e+06     9s
  27   2.70839134e+12  9.21523005e+11  7.57e+02 3.78e-04  2.36e+06     9s
  28   2.51518760e+12  1.10862426e+12  5.86e+02 2.76e-04  1.83e+06    10s
  29   2.41113020e+12  1.24607860e+12  4.98e+02 1.96e-04  1.51e+06    10s
  30   2.27494320e+12  1.32533303e+12  3.90e+02 1.51e-04  1.22e+06    10s
  31   2.19488871e+12  1.41685271e+12  3.29e+02 1.08e-04  9.94e+05    10s
  32   2.12644990e+12  1.45016959e+12  2.78e+02 9.29e-05  8.60e+05    11s
  33   2.08062639e+12  1.47691123e+12  2.42e+02 8.18e-05  7.65e+05    11s
  34   2.03590674e+12  1.54461745e+12  2.08e+02 6.06e-05  6.19e+05    11s
  35   1.98888685e+12  1.57866022e+12  1.74e+02 4.68e-05  5.15e+05    11s
  36   1.95898176e+12  1.60757398e+12  1.53e+02 3.55e-05  4.39e+05    11s
  37   1.92179374e+12  1.63224516e+12  1.27e+02 2.65e-05  3.61e+05    12s
  38   1.89080273e+12  1.65667956e+12  1.06e+02 1.81e-05  2.90e+05    12s
  39   1.86481942e+12  1.67056556e+12  8.79e+01 1.39e-05  2.40e+05    12s
  40   1.83460591e+12  1.68391423e+12  6.74e+01 1.01e-05  1.86e+05    12s
  41   1.81848899e+12  1.69426577e+12  5.63e+01 7.29e-06  1.53e+05    12s
  42   1.80505901e+12  1.70350058e+12  4.73e+01 5.37e-06  1.24e+05    13s
  43   1.78874155e+12  1.70935299e+12  3.65e+01 4.17e-06  9.70e+04    13s
  44   1.77816033e+12  1.71522443e+12  2.96e+01 3.01e-06  7.67e+04    13s
  45   1.77046802e+12  1.71888997e+12  2.44e+01 2.30e-06  6.28e+04    13s
  46   1.76155545e+12  1.72165353e+12  1.87e+01 1.79e-06  4.84e+04    14s
  47   1.75616472e+12  1.72309291e+12  1.53e+01 1.52e-06  4.01e+04    14s
  48   1.75446061e+12  1.72411374e+12  1.42e+01 1.34e-06  3.68e+04    14s
  49   1.74986060e+12  1.72465046e+12  1.13e+01 1.24e-06  3.05e+04    14s
  50   1.74751612e+12  1.72616732e+12  9.83e+00 1.00e-06  2.58e+04    14s
  51   1.74530736e+12  1.72748439e+12  8.37e+00 7.61e-07  2.15e+04    15s
  52   1.74328322e+12  1.72819474e+12  7.05e+00 6.34e-07  1.82e+04    15s

Barrier solved model in 52 iterations and 14.91 seconds (21.44 work units)
Optimal objective 1.74328322e+12


User-callback calls 1092, time in user-callback 0.00 sec

Gurobi 13.0.2 (win64) logging started Tue Jun 23 18:23:33 2026

Set parameter LogFile to value "c:\Users\Liyun\MACRO_NZC\NZC_Power Sector_12day_WIP\case\gurobi.log"

Gurobi 13.0.2 (win64) logging started Tue Jun 23 18:23:55 2026

Set parameter LogFile to value "c:\Users\Liyun\MACRO_NZC\NZC_Power Sector_12day_WIP\case\gurobi.log"
Gurobi Optimizer version 13.0.2 build v13.0.2rc1 (win64 - Windows 11+.0 (26200.2))

CPU model: Intel(R) Core(TM) Ultra 9 288V, instruction set [SSE2|AVX|AVX2]
Thread count: 8 physical cores, 8 logical processors, using up to 8 threads

Non-default parameters:
Method  2
BarConvTol  0.01
Crossover  0
Threads  8

Academic license 2760258 - for non-commercial use only - registered to hl___@princeton.edu
Optimize a model with 1271854 rows, 1051156 columns and 4303333 nonzeros (Min)
Model fingerprint: 0x760100db
Model has 457472 linear objective coefficients
Coefficient statistics:
  Matrix range     [1e-03, 1e+06]
  Objective range  [2e+01, 3e+08]
  Bounds range     [1e+00, 1e+00]
  RHS range        [4e+00, 1e+06]

Presolve removed 746946 rows and 719336 columns
Presolve time: 1.27s
Presolved: 524908 rows, 331820 columns, 2473262 nonzeros
Ordering time: 2.13s
Ordering time: 2.55s

Barrier statistics:
 Dense cols : 561
 AA' NZ     : 4.736e+06
 Factor NZ  : 1.386e+07 (roughly 500 MB of memory)
 Factor Ops : 1.954e+09 (less than 1 second per iteration)
 Threads    : 8

                  Objective                Residual
Iter       Primal          Dual         Primal    Dual     Compl     Time
   0   2.90271089e+16 -2.49658200e+15  1.36e+09 9.31e-10  1.80e+13     5s
   1   2.68966368e+16 -7.51154375e+15  1.23e+09 2.34e+06  1.15e+13     5s
   2   1.72225642e+16 -1.24534814e+16  7.39e+08 6.52e+05  6.09e+12     5s
   3   1.07880821e+16 -1.37843210e+16  4.03e+08 2.67e+05  3.26e+12     5s
   4   9.37351816e+15 -1.40105479e+16  3.09e+08 1.43e+05  2.41e+12     6s
   5   1.96783481e+16 -1.35502042e+16  2.51e+08 7.74e+04  1.88e+12     6s
   6   1.93603753e+16 -1.33678013e+16  1.65e+08 3.56e+04  1.22e+12     6s
   7   1.72293530e+16 -1.28345305e+16  9.38e+07 1.20e+04  6.90e+11     6s
   8   1.15365815e+16 -1.21545880e+16  4.70e+07 6.35e+03  3.57e+11     6s
   9   3.40664345e+15 -1.02920800e+16  8.74e+06 1.80e+03  7.77e+10     6s
  10   1.39204993e+15 -6.94902071e+15  2.97e+06 2.39e+02  2.82e+10     7s
  11   7.82515418e+14 -4.04287011e+15  1.16e+06 7.20e+01  1.17e+10     7s
  12   6.33458826e+14 -2.61091848e+15  8.35e+05 2.87e+01  7.53e+09     7s
  13   4.80287539e+14 -1.71427367e+15  5.75e+05 7.45e+00  4.78e+09     7s
  14   2.83538309e+14 -9.90542303e+14  2.91e+05 7.27e-01  2.43e+09     7s
  15   1.15326943e+14 -7.81560360e+14  6.69e+04 5.01e-01  1.27e+09     7s
  16   4.45592354e+13 -4.52780422e+14  9.59e+03 2.53e-01  6.18e+08     8s
  17   2.87142034e+13 -2.48173812e+14  3.36e+03 1.40e-01  3.38e+08     8s
  18   2.05604499e+13 -1.07557021e+14  1.39e+03 5.26e-02  1.55e+08     8s
  19   1.63425287e+13 -6.21324862e+13  8.50e+02 3.20e-02  9.50e+07     8s
  20   1.26962479e+13 -4.68399825e+13  5.46e+02 2.45e-02  7.19e+07     8s
  21   1.14254009e+13 -2.10254986e+13  4.65e+02 1.38e-02  3.92e+07     8s
  22   8.04953620e+12 -6.13728865e+12  2.74e+02 3.51e-03  1.72e+07     9s
  23   6.91102869e+12 -3.63474198e+12  2.22e+02 2.19e-03  1.27e+07     9s
  24   6.47110266e+12 -1.87601288e+12  2.02e+02 1.29e-03  1.01e+07     9s
  25   5.49623283e+12 -1.15200807e+12  1.59e+02 9.16e-04  8.03e+06     9s
  26   5.11074253e+12 -3.76679817e+11  1.43e+02 5.40e-04  6.62e+06     9s
  27   4.36317120e+12 -5.90978001e+10  1.15e+02 4.64e-04  5.33e+06     9s
  28   3.53726888e+12  3.98964601e+11  8.14e+01 3.45e-04  3.78e+06    10s
  29   2.77326178e+12  6.41576035e+11  5.13e+01 2.40e-04  2.57e+06    10s
  30   2.63141260e+12  9.23135940e+11  4.54e+01 1.42e-04  2.05e+06    10s
  31   2.33524316e+12  1.05718646e+12  3.45e+01 7.42e-05  1.54e+06    10s
  32   2.11791740e+12  1.14258833e+12  2.66e+01 5.00e-05  1.17e+06    11s
  33   1.93651992e+12  1.18723367e+12  1.99e+01 3.52e-05  9.00e+05    11s
  34   1.79868166e+12  1.24302488e+12  1.46e+01 2.35e-05  6.67e+05    11s
  35   1.70172042e+12  1.28485644e+12  1.09e+01 1.51e-05  5.00e+05    11s
  36   1.63021398e+12  1.31478287e+12  8.15e+00 9.87e-06  3.78e+05    11s
  37   1.58645821e+12  1.33763491e+12  6.44e+00 6.44e-06  2.98e+05    12s
  38   1.53589596e+12  1.35008511e+12  4.61e+00 4.48e-06  2.23e+05    12s
  39   1.49765609e+12  1.36186471e+12  3.21e+00 3.01e-06  1.63e+05    12s
  40   1.47180726e+12  1.37362275e+12  2.32e+00 1.88e-06  1.18e+05    12s
  41   1.45665138e+12  1.37973782e+12  1.85e+00 1.33e-06  9.21e+04    13s
  42   1.44423586e+12  1.38526798e+12  1.43e+00 8.51e-07  7.06e+04    13s
  43   1.43576304e+12  1.38898415e+12  1.16e+00 5.62e-07  5.60e+04    13s
  44   1.42433438e+12  1.39177278e+12  7.94e-01 3.91e-07  3.90e+04    13s
  45   1.41829871e+12  1.39375881e+12  6.04e-01 2.71e-07  2.94e+04    14s
  46   1.41473869e+12  1.39486929e+12  4.90e-01 2.03e-07  2.38e+04    14s
  47   1.41089476e+12  1.39578327e+12  3.72e-01 1.51e-07  1.81e+04    14s
  48   1.40921659e+12  1.39657003e+12  3.20e-01 1.09e-07  1.51e+04    14s

Barrier solved model in 48 iterations and 14.31 seconds (20.15 work units)
Optimal objective 1.40921659e+12


User-callback calls 1203, time in user-callback 0.00 sec

Gurobi 13.0.2 (win64) logging started Tue Jun 23 18:27:36 2026

Set parameter LogFile to value "c:\Users\Liyun\MACRO_NZC\NZC_Power Sector_12day_WIP\case\gurobi.log"

Gurobi 13.0.2 (win64) logging started Tue Jun 23 18:27:58 2026

Set parameter LogFile to value "c:\Users\Liyun\MACRO_NZC\NZC_Power Sector_12day_WIP\case\gurobi.log"
Gurobi Optimizer version 13.0.2 build v13.0.2rc1 (win64 - Windows 11+.0 (26200.2))

CPU model: Intel(R) Core(TM) Ultra 9 288V, instruction set [SSE2|AVX|AVX2]
Thread count: 8 physical cores, 8 logical processors, using up to 8 threads

Non-default parameters:
Method  2
BarConvTol  0.0001
Crossover  0
NumericFocus  1
Threads  8

Academic license 2760258 - for non-commercial use only - registered to hl___@princeton.edu
Optimize a model with 1271854 rows, 1051156 columns and 4303333 nonzeros (Min)
Model fingerprint: 0x760100db
Model has 457472 linear objective coefficients
Coefficient statistics:
  Matrix range     [1e-03, 1e+06]
  Objective range  [2e+01, 3e+08]
  Bounds range     [1e+00, 1e+00]
  RHS range        [4e+00, 1e+06]

Presolve removed 709218 rows and 719336 columns
Presolve time: 1.28s
Presolved: 562636 rows, 331820 columns, 2391136 nonzeros
Ordering time: 2.33s
Ordering time: 2.78s

Barrier statistics:
 Dense cols : 561
 AA' NZ     : 5.117e+06
 Factor NZ  : 1.417e+07 (roughly 500 MB of memory)
 Factor Ops : 1.912e+09 (less than 1 second per iteration)
 Threads    : 8

                  Objective                Residual
Iter       Primal          Dual         Primal    Dual     Compl     Time
   0   2.86584103e+16 -3.88766137e+15  4.50e+09 4.66e-10  1.97e+13     5s
   1   2.61836501e+16 -1.08299634e+16  4.04e+09 8.62e+05  1.13e+13     5s
   2   1.94953501e+16 -1.28573068e+16  2.66e+09 4.84e+05  7.35e+12     5s
   3   2.12247100e+16 -1.41824726e+16  1.41e+09 2.87e+05  4.15e+12     6s
   4   2.19890426e+16 -1.48208230e+16  9.97e+08 1.12e+05  2.59e+12     6s
   5   2.24064456e+16 -1.45281601e+16  8.97e+08 6.10e+04  2.23e+12     6s
   6   2.07164346e+16 -1.41747369e+16  4.09e+08 3.72e+04  1.07e+12     6s
   7   1.48136611e+16 -1.30893796e+16  1.84e+08 1.02e+04  4.75e+11     6s
   8   6.90396270e+15 -1.13507909e+16  6.93e+07 2.60e+03  1.82e+11     6s
   9   2.00654135e+15 -8.21255016e+15  2.54e+07 5.40e+02  6.57e+10     7s
  10   2.93617594e+15 -6.30594371e+15  6.00e+06 2.80e+02  2.30e+10     7s
  11   1.82335844e+15 -2.89246163e+15  3.85e+06 3.54e+01  1.16e+10     7s
  12   1.11322361e+15 -1.45317166e+15  2.26e+06 1.22e+01  5.89e+09     7s
  13   7.09323609e+14 -1.08664240e+15  1.37e+06 5.55e+00  3.69e+09     7s
  14   4.30559434e+14 -6.15561363e+14  7.66e+05 8.95e-01  1.96e+09     8s
  15   1.29518463e+14 -5.72713839e+14  1.81e+05 8.13e-01  9.83e+08     8s
  16   4.83241990e+13 -1.37862126e+14  4.50e+04 1.61e-01  2.39e+08     8s
  17   2.82134374e+13 -4.87344644e+13  2.10e+04 3.74e-02  9.65e+07     8s
  18   1.70009973e+13 -2.45413985e+13  1.05e+04 1.26e-02  5.10e+07     8s
  19   1.31830649e+13 -1.21225423e+13  7.52e+03 4.28e-03  3.10e+07     8s
  20   1.00796222e+13 -6.96993729e+12  5.27e+03 2.20e-03  2.08e+07     9s
  21   8.34177230e+12 -3.63903023e+12  4.09e+03 1.17e-03  1.46e+07     9s
  22   7.52161393e+12 -1.86184587e+12  3.57e+03 6.50e-04  1.14e+07     9s
  23   6.15362518e+12 -1.08442674e+12  2.71e+03 5.36e-04  8.79e+06     9s
  24   5.20074602e+12 -5.70959397e+11  2.13e+03 3.77e-04  6.98e+06     9s
  25   4.37162695e+12  7.76248340e+10  1.64e+03 2.33e-04  5.18e+06    10s
  26   3.67564576e+12  5.09362290e+11  1.24e+03 1.44e-04  3.81e+06    10s
  27   3.06794793e+12  8.00571799e+11  8.87e+02 8.56e-05  2.72e+06    10s
  28   2.60019392e+12  9.74922330e+11  6.30e+02 3.23e-05  1.94e+06    10s
  29   2.28462587e+12  1.10321448e+12  4.60e+02 2.00e-05  1.40e+06    11s
  30   2.01958902e+12  1.17211900e+12  3.15e+02 1.39e-05  1.00e+06    11s
  31   1.89840450e+12  1.21439721e+12  2.49e+02 1.02e-05  8.06e+05    11s
  32   1.76348627e+12  1.25672740e+12  1.78e+02 6.96e-06  5.95e+05    11s
  33   1.69056952e+12  1.28974679e+12  1.39e+02 4.81e-06  4.69e+05    11s
  34   1.62275634e+12  1.31458689e+12  1.04e+02 3.35e-06  3.60e+05    12s
  35   1.58014881e+12  1.33437993e+12  8.05e+01 2.36e-06  2.86e+05    12s
  36   1.53442190e+12  1.34982402e+12  5.67e+01 1.68e-06  2.14e+05    12s
  37   1.50562407e+12  1.36596100e+12  4.26e+01 1.01e-06  1.62e+05    12s
  38   1.46843601e+12  1.37489517e+12  2.74e+01 7.17e-07  1.08e+05    13s
  39   1.45825363e+12  1.37883719e+12  2.31e+01 5.89e-07  9.16e+04    13s
  40   1.44429908e+12  1.38264363e+12  1.75e+01 4.73e-07  7.11e+04    13s
  41   1.43486320e+12  1.38740582e+12  1.37e+01 3.20e-07  5.46e+04    13s
  42   1.42482762e+12  1.39061554e+12  9.79e+00 2.24e-07  3.93e+04    14s
  43   1.42012893e+12  1.39186155e+12  7.99e+00 1.88e-07  3.25e+04    14s
  44   1.41556965e+12  1.39343610e+12  6.23e+00 1.40e-07  2.54e+04    14s
  45   1.41351092e+12  1.39471871e+12  5.45e+00 1.03e-07  2.16e+04    14s
  46   1.41031977e+12  1.39558373e+12  4.23e+00 7.91e-08  1.69e+04    15s
  47   1.40927695e+12  1.39654895e+12  3.84e+00 5.87e-08  1.46e+04    15s
  48   1.40685280e+12  1.39711938e+12  2.92e+00 5.34e-08  1.12e+04    15s
  49   1.40608259e+12  1.39744925e+12  2.64e+00 4.84e-08  9.90e+03    15s
  50   1.40443869e+12  1.39789631e+12  2.03e+00 3.96e-08  7.50e+03    15s
  51   1.40313383e+12  1.39810797e+12  1.54e+00 3.48e-08  5.76e+03    16s
  52   1.40296919e+12  1.39815677e+12  1.48e+00 3.31e-08  5.51e+03    16s
  53   1.40259469e+12  1.39820822e+12  1.35e+00 3.14e-08  5.03e+03    16s
  54   1.40181014e+12  1.39836481e+12  1.06e+00 2.63e-08  3.95e+03    16s
  55   1.40145432e+12  1.39842454e+12  9.29e-01 2.33e-08  3.47e+03    17s
  56   1.40102497e+12  1.39850377e+12  7.74e-01 1.91e-08  2.89e+03    17s
  57   1.40061113e+12  1.39859065e+12  6.23e-01 1.46e-08  2.31e+03    17s
  58   1.40023423e+12  1.39864457e+12  4.91e-01 1.16e-08  1.82e+03    17s
  59   1.40008740e+12  1.39870243e+12  4.36e-01 7.22e-09  1.59e+03    18s
  60   1.39975275e+12  1.39872857e+12  3.17e-01 5.79e-09  1.17e+03    18s
  61   1.39951998e+12  1.39873417e+12  2.39e-01 5.57e-09  9.01e+02    18s
  62   1.39943988e+12  1.39876302e+12  2.12e-01 4.03e-09  7.75e+02    18s
  63   1.39927798e+12  1.39877939e+12  1.54e-01 4.46e-09  5.71e+02    19s
  64   1.39916078e+12  1.39879498e+12  1.13e-01 5.29e-09  4.19e+02    19s
  65   1.39905222e+12  1.39880321e+12  7.55e-02 3.78e-09  2.85e+02    19s
  66   1.39900363e+12  1.39881360e+12  5.88e-02 7.45e-09  2.18e+02    19s
  67   1.39893490e+12  1.39881647e+12  3.50e-02 1.88e-09  1.36e+02    20s

Barrier solved model in 67 iterations and 19.61 seconds (27.30 work units)
Optimal objective 1.39893490e+12


User-callback calls 1539, time in user-callback 0.00 sec

Gurobi 13.0.2 (win64) logging started Tue Jun 23 18:32:26 2026

Set parameter LogFile to value "c:\Users\Liyun\MACRO_NZC\NZC_Power Sector_12day_WIP\case\gurobi.log"

Gurobi 13.0.2 (win64) logging started Tue Jun 23 18:32:48 2026

Set parameter LogFile to value "c:\Users\Liyun\MACRO_NZC\NZC_Power Sector_12day_WIP\case\gurobi.log"
Gurobi Optimizer version 13.0.2 build v13.0.2rc1 (win64 - Windows 11+.0 (26200.2))

CPU model: Intel(R) Core(TM) Ultra 9 288V, instruction set [SSE2|AVX|AVX2]
Thread count: 8 physical cores, 8 logical processors, using up to 8 threads

Non-default parameters:
Method  2
BarConvTol  0.0001
Crossover  0
Threads  8

Academic license 2760258 - for non-commercial use only - registered to hl___@princeton.edu
Optimize a model with 1524154 rows, 1053766 columns and 4807933 nonzeros (Min)
Model fingerprint: 0x71de1769
Model has 457472 linear objective coefficients
Coefficient statistics:
  Matrix range     [1e-03, 1e+06]
  Objective range  [2e+01, 3e+08]
  Bounds range     [1e+00, 1e+00]
  RHS range        [4e+00, 1e+06]

Presolve removed 999246 rows and 721946 columns
Presolve time: 1.32s
Presolved: 524908 rows, 331820 columns, 2473262 nonzeros
Ordering time: 2.14s
Ordering time: 2.56s

Barrier statistics:
 Dense cols : 561
 AA' NZ     : 4.736e+06
 Factor NZ  : 1.386e+07 (roughly 500 MB of memory)
 Factor Ops : 1.954e+09 (less than 1 second per iteration)
 Threads    : 8

                  Objective                Residual
Iter       Primal          Dual         Primal    Dual     Compl     Time
   0   2.90271089e+16 -2.49658200e+15  1.36e+09 9.31e-10  1.80e+13     5s
   1   2.68966368e+16 -7.51154375e+15  1.23e+09 2.34e+06  1.15e+13     5s
   2   1.72225642e+16 -1.24534814e+16  7.39e+08 6.52e+05  6.09e+12     5s
   3   1.07880821e+16 -1.37843210e+16  4.03e+08 2.67e+05  3.26e+12     5s
   4   9.37351816e+15 -1.40105479e+16  3.09e+08 1.43e+05  2.41e+12     6s
   5   1.96783481e+16 -1.35502042e+16  2.51e+08 7.74e+04  1.88e+12     6s
   6   1.93603753e+16 -1.33678013e+16  1.65e+08 3.56e+04  1.22e+12     6s
   7   1.72293530e+16 -1.28345305e+16  9.38e+07 1.20e+04  6.90e+11     6s
   8   1.15365815e+16 -1.21545880e+16  4.70e+07 6.35e+03  3.57e+11     6s
   9   3.40664345e+15 -1.02920800e+16  8.74e+06 1.80e+03  7.77e+10     6s
  10   1.39204993e+15 -6.94902071e+15  2.97e+06 2.39e+02  2.82e+10     7s
  11   7.82515418e+14 -4.04287011e+15  1.16e+06 7.20e+01  1.17e+10     7s
  12   6.33458826e+14 -2.61091848e+15  8.35e+05 2.87e+01  7.53e+09     7s
  13   4.80287539e+14 -1.71427367e+15  5.75e+05 7.45e+00  4.78e+09     7s
  14   2.83538309e+14 -9.90542303e+14  2.91e+05 7.27e-01  2.43e+09     7s
  15   1.15326943e+14 -7.81560360e+14  6.69e+04 5.01e-01  1.27e+09     7s
  16   4.45592354e+13 -4.52780422e+14  9.59e+03 2.53e-01  6.18e+08     8s
  17   2.87142034e+13 -2.48173812e+14  3.36e+03 1.40e-01  3.38e+08     8s
  18   2.05604499e+13 -1.07557021e+14  1.39e+03 5.26e-02  1.55e+08     8s
  19   1.63425287e+13 -6.21324862e+13  8.50e+02 3.20e-02  9.50e+07     8s
  20   1.26962479e+13 -4.68399825e+13  5.46e+02 2.45e-02  7.19e+07     8s
  21   1.14254009e+13 -2.10254986e+13  4.65e+02 1.38e-02  3.92e+07     8s
  22   8.04953620e+12 -6.13728865e+12  2.74e+02 3.51e-03  1.72e+07     9s
  23   6.91102869e+12 -3.63474198e+12  2.22e+02 2.19e-03  1.27e+07     9s
  24   6.47110266e+12 -1.87601288e+12  2.02e+02 1.29e-03  1.01e+07     9s
  25   5.49623283e+12 -1.15200807e+12  1.59e+02 9.16e-04  8.03e+06     9s
  26   5.11074253e+12 -3.76679817e+11  1.43e+02 5.40e-04  6.62e+06     9s
  27   4.36317120e+12 -5.90978001e+10  1.15e+02 4.64e-04  5.33e+06     9s
  28   3.53726888e+12  3.98964601e+11  8.14e+01 3.45e-04  3.78e+06    10s
  29   2.77326178e+12  6.41576035e+11  5.13e+01 2.40e-04  2.57e+06    10s
  30   2.63141260e+12  9.23135940e+11  4.54e+01 1.42e-04  2.05e+06    10s
  31   2.33524316e+12  1.05718646e+12  3.45e+01 7.42e-05  1.54e+06    10s
  32   2.11791740e+12  1.14258833e+12  2.66e+01 5.00e-05  1.17e+06    10s
  33   1.93651992e+12  1.18723367e+12  1.99e+01 3.52e-05  9.00e+05    11s
  34   1.79868166e+12  1.24302488e+12  1.46e+01 2.35e-05  6.67e+05    11s
  35   1.70172042e+12  1.28485644e+12  1.09e+01 1.51e-05  5.00e+05    11s
  36   1.63021398e+12  1.31478287e+12  8.15e+00 9.87e-06  3.78e+05    11s
  37   1.58645821e+12  1.33763491e+12  6.44e+00 6.44e-06  2.98e+05    12s
  38   1.53589596e+12  1.35008511e+12  4.61e+00 4.48e-06  2.23e+05    12s
  39   1.49765609e+12  1.36186471e+12  3.21e+00 3.01e-06  1.63e+05    12s
  40   1.47180726e+12  1.37362275e+12  2.32e+00 1.88e-06  1.18e+05    12s
  41   1.45665138e+12  1.37973782e+12  1.85e+00 1.33e-06  9.21e+04    12s
  42   1.44423586e+12  1.38526798e+12  1.43e+00 8.51e-07  7.06e+04    13s
  43   1.43576304e+12  1.38898415e+12  1.16e+00 5.62e-07  5.60e+04    13s
  44   1.42433438e+12  1.39177278e+12  7.94e-01 3.91e-07  3.90e+04    13s
  45   1.41829871e+12  1.39375881e+12  6.04e-01 2.71e-07  2.94e+04    13s
  46   1.41473869e+12  1.39486929e+12  4.90e-01 2.03e-07  2.38e+04    14s
  47   1.41089476e+12  1.39578327e+12  3.72e-01 1.51e-07  1.81e+04    14s
  48   1.40921659e+12  1.39657003e+12  3.20e-01 1.09e-07  1.51e+04    14s
  49   1.40752187e+12  1.39706927e+12  2.66e-01 8.42e-08  1.25e+04    14s
  50   1.40681684e+12  1.39746227e+12  2.45e-01 6.59e-08  1.12e+04    15s
  51   1.40524706e+12  1.39777320e+12  1.96e-01 5.05e-08  8.94e+03    15s
  52   1.40351118e+12  1.39789038e+12  1.43e-01 4.51e-08  6.73e+03    15s
  53   1.40254316e+12  1.39805896e+12  1.12e-01 3.74e-08  5.37e+03    15s
  54   1.40200447e+12  1.39816722e+12  9.61e-02 3.25e-08  4.59e+03    16s
  55   1.40150152e+12  1.39831299e+12  8.11e-02 2.58e-08  3.82e+03    16s
  56   1.40102607e+12  1.39841472e+12  6.66e-02 2.09e-08  3.13e+03    16s
  57   1.40064218e+12  1.39849707e+12  5.45e-02 1.68e-08  2.57e+03    17s
  58   1.40030555e+12  1.39854188e+12  4.41e-02 1.47e-08  2.11e+03    17s
  59   1.40016310e+12  1.39859029e+12  3.98e-02 1.23e-08  1.88e+03    17s
  60   1.40003952e+12  1.39862889e+12  3.63e-02 1.02e-08  1.69e+03    17s
  61   1.39989641e+12  1.39866975e+12  3.20e-02 8.22e-09  1.47e+03    18s
  62   1.39977583e+12  1.39871776e+12  2.84e-02 6.09e-09  1.27e+03    18s
  63   1.39948061e+12  1.39873330e+12  1.97e-02 5.29e-09  8.94e+02    18s
  64   1.39928679e+12  1.39874935e+12  1.39e-02 4.40e-09  6.43e+02    19s
  65   1.39912804e+12  1.39876326e+12  8.95e-03 3.75e-09  4.37e+02    19s
  66   1.39903971e+12  1.39878375e+12  6.23e-03 2.60e-09  3.07e+02    19s
  67   1.39897242e+12  1.39879662e+12  4.19e-03 1.88e-09  2.11e+02    19s
  68   1.39893014e+12  1.39880765e+12  2.86e-03 1.29e-09  1.47e+02    20s

Barrier solved model in 68 iterations and 19.79 seconds (29.44 work units)
Optimal objective 1.39893014e+12


User-callback calls 1394, time in user-callback 0.00 sec

Gurobi 13.0.2 (win64) logging started Tue Jun 23 18:37:16 2026

Set parameter LogFile to value "c:\Users\Liyun\MACRO_NZC\NZC_Power Sector_12day_WIP\case\gurobi.log"

Gurobi 13.0.2 (win64) logging started Tue Jun 23 18:37:44 2026

Set parameter LogFile to value "c:\Users\Liyun\MACRO_NZC\NZC_Power Sector_12day_WIP\case\gurobi.log"
Gurobi Optimizer version 13.0.2 build v13.0.2rc1 (win64 - Windows 11+.0 (26200.2))

CPU model: Intel(R) Core(TM) Ultra 9 288V, instruction set [SSE2|AVX|AVX2]
Thread count: 8 physical cores, 8 logical processors, using up to 8 threads

Non-default parameters:
Method  2
BarConvTol  0.0001
Crossover  0
NumericFocus  1
Threads  8

Academic license 2760258 - for non-commercial use only - registered to hl___@princeton.edu
Optimize a model with 1524154 rows, 1053766 columns and 4807933 nonzeros (Min)
Model fingerprint: 0x71de1769
Model has 457472 linear objective coefficients
Coefficient statistics:
  Matrix range     [1e-03, 1e+06]
  Objective range  [2e+01, 3e+08]
  Bounds range     [1e+00, 1e+00]
  RHS range        [4e+00, 1e+06]

Presolve removed 961518 rows and 721946 columns
Presolve time: 1.50s
Presolved: 562636 rows, 331820 columns, 2391136 nonzeros
Ordering time: 3.00s
Ordering time: 3.57s

Barrier statistics:
 Dense cols : 561
 AA' NZ     : 5.117e+06
 Factor NZ  : 1.417e+07 (roughly 500 MB of memory)
 Factor Ops : 1.912e+09 (less than 1 second per iteration)
 Threads    : 8

                  Objective                Residual
Iter       Primal          Dual         Primal    Dual     Compl     Time
   0   2.86584103e+16 -3.88766137e+15  4.50e+09 4.66e-10  1.97e+13     6s
   1   2.61836501e+16 -1.08299634e+16  4.04e+09 8.62e+05  1.13e+13     7s
   2   1.94953501e+16 -1.28573068e+16  2.66e+09 4.84e+05  7.35e+12     7s
   3   2.12247100e+16 -1.41824726e+16  1.41e+09 2.87e+05  4.15e+12     7s
   4   2.19890426e+16 -1.48208230e+16  9.97e+08 1.12e+05  2.59e+12     7s
   5   2.24064456e+16 -1.45281601e+16  8.97e+08 6.10e+04  2.23e+12     7s
   6   2.07164346e+16 -1.41747369e+16  4.09e+08 3.72e+04  1.07e+12     8s
   7   1.48136611e+16 -1.30893796e+16  1.84e+08 1.02e+04  4.75e+11     8s
   8   6.90396270e+15 -1.13507909e+16  6.93e+07 2.60e+03  1.82e+11     8s
   9   2.00654135e+15 -8.21255016e+15  2.54e+07 5.40e+02  6.57e+10     8s
  10   2.93617594e+15 -6.30594371e+15  6.00e+06 2.80e+02  2.30e+10     8s
  11   1.82335844e+15 -2.89246163e+15  3.85e+06 3.54e+01  1.16e+10     9s
  12   1.11322361e+15 -1.45317166e+15  2.26e+06 1.22e+01  5.89e+09     9s
  13   7.09323609e+14 -1.08664240e+15  1.37e+06 5.55e+00  3.69e+09     9s
  14   4.30559434e+14 -6.15561363e+14  7.66e+05 8.95e-01  1.96e+09     9s
  15   1.29518463e+14 -5.72713839e+14  1.81e+05 8.13e-01  9.83e+08     9s
  16   4.83241990e+13 -1.37862126e+14  4.50e+04 1.61e-01  2.39e+08    10s
  17   2.82134374e+13 -4.87344644e+13  2.10e+04 3.74e-02  9.65e+07    10s
  18   1.70009973e+13 -2.45413985e+13  1.05e+04 1.26e-02  5.10e+07    10s
  19   1.31830649e+13 -1.21225423e+13  7.52e+03 4.28e-03  3.10e+07    10s
  20   1.00796222e+13 -6.96993729e+12  5.27e+03 2.20e-03  2.08e+07    10s
  21   8.34177230e+12 -3.63903023e+12  4.09e+03 1.17e-03  1.46e+07    11s
  22   7.52161393e+12 -1.86184587e+12  3.57e+03 6.50e-04  1.14e+07    11s
  23   6.15362518e+12 -1.08442674e+12  2.71e+03 5.36e-04  8.79e+06    11s
  24   5.20074602e+12 -5.70959397e+11  2.13e+03 3.77e-04  6.98e+06    11s
  25   4.37162695e+12  7.76248340e+10  1.64e+03 2.33e-04  5.18e+06    11s
  26   3.67564576e+12  5.09362290e+11  1.24e+03 1.44e-04  3.81e+06    12s
  27   3.06794793e+12  8.00571799e+11  8.87e+02 8.56e-05  2.72e+06    12s
  28   2.60019392e+12  9.74922330e+11  6.30e+02 3.23e-05  1.94e+06    12s
  29   2.28462587e+12  1.10321448e+12  4.60e+02 2.00e-05  1.40e+06    12s
  30   2.01958902e+12  1.17211900e+12  3.15e+02 1.39e-05  1.00e+06    13s
  31   1.89840450e+12  1.21439721e+12  2.49e+02 1.02e-05  8.06e+05    13s
  32   1.76348627e+12  1.25672740e+12  1.78e+02 6.96e-06  5.95e+05    13s
  33   1.69056952e+12  1.28974679e+12  1.39e+02 4.81e-06  4.69e+05    13s
  34   1.62275634e+12  1.31458689e+12  1.04e+02 3.35e-06  3.60e+05    13s
  35   1.58014881e+12  1.33437993e+12  8.05e+01 2.36e-06  2.86e+05    14s
  36   1.53442190e+12  1.34982402e+12  5.67e+01 1.68e-06  2.14e+05    14s
  37   1.50562407e+12  1.36596100e+12  4.26e+01 1.01e-06  1.62e+05    14s
  38   1.46843601e+12  1.37489517e+12  2.74e+01 7.17e-07  1.08e+05    14s
  39   1.45825363e+12  1.37883719e+12  2.31e+01 5.89e-07  9.16e+04    15s
  40   1.44429908e+12  1.38264363e+12  1.75e+01 4.73e-07  7.11e+04    15s
  41   1.43486320e+12  1.38740582e+12  1.37e+01 3.20e-07  5.46e+04    15s
  42   1.42482762e+12  1.39061554e+12  9.79e+00 2.24e-07  3.93e+04    15s
  43   1.42012893e+12  1.39186155e+12  7.99e+00 1.88e-07  3.25e+04    16s
  44   1.41556965e+12  1.39343610e+12  6.23e+00 1.40e-07  2.54e+04    16s
  45   1.41351092e+12  1.39471871e+12  5.45e+00 1.03e-07  2.16e+04    16s
  46   1.41031977e+12  1.39558373e+12  4.23e+00 7.91e-08  1.69e+04    16s
  47   1.40927695e+12  1.39654895e+12  3.84e+00 5.87e-08  1.46e+04    17s
  48   1.40685280e+12  1.39711938e+12  2.92e+00 5.34e-08  1.12e+04    17s
  49   1.40608259e+12  1.39744925e+12  2.64e+00 4.84e-08  9.90e+03    17s
  50   1.40443869e+12  1.39789631e+12  2.03e+00 3.96e-08  7.50e+03    17s
  51   1.40313383e+12  1.39810797e+12  1.54e+00 3.48e-08  5.76e+03    17s
  52   1.40296919e+12  1.39815677e+12  1.48e+00 3.31e-08  5.51e+03    18s
  53   1.40259469e+12  1.39820822e+12  1.35e+00 3.14e-08  5.03e+03    18s
  54   1.40181014e+12  1.39836481e+12  1.06e+00 2.63e-08  3.95e+03    18s
  55   1.40145432e+12  1.39842454e+12  9.29e-01 2.33e-08  3.47e+03    18s
  56   1.40102497e+12  1.39850377e+12  7.74e-01 1.91e-08  2.89e+03    19s
  57   1.40061113e+12  1.39859065e+12  6.23e-01 1.46e-08  2.31e+03    19s
  58   1.40023423e+12  1.39864457e+12  4.91e-01 1.16e-08  1.82e+03    19s
  59   1.40008740e+12  1.39870243e+12  4.36e-01 7.22e-09  1.59e+03    19s
  60   1.39975275e+12  1.39872857e+12  3.17e-01 5.79e-09  1.17e+03    20s
  61   1.39951998e+12  1.39873417e+12  2.39e-01 5.57e-09  9.01e+02    20s
  62   1.39943988e+12  1.39876302e+12  2.12e-01 4.03e-09  7.75e+02    20s
  63   1.39927798e+12  1.39877939e+12  1.54e-01 4.46e-09  5.71e+02    20s
  64   1.39916078e+12  1.39879498e+12  1.13e-01 5.29e-09  4.19e+02    21s
  65   1.39905222e+12  1.39880321e+12  7.55e-02 3.78e-09  2.85e+02    21s
  66   1.39900363e+12  1.39881360e+12  5.88e-02 7.45e-09  2.18e+02    21s
  67   1.39893490e+12  1.39881647e+12  3.50e-02 1.88e-09  1.36e+02    21s

Barrier solved model in 67 iterations and 21.33 seconds (27.48 work units)
Optimal objective 1.39893490e+12


User-callback calls 1591, time in user-callback 0.00 sec

Gurobi 13.0.2 (win64) logging started Tue Jun 23 18:56:17 2026

Set parameter LogFile to value "c:\Users\Liyun\MACRO_NZC\NZC_Power Sector_12day_WIP\case\gurobi.log"

Gurobi 13.0.2 (win64) logging started Tue Jun 23 18:56:39 2026

Set parameter LogFile to value "c:\Users\Liyun\MACRO_NZC\NZC_Power Sector_12day_WIP\case\gurobi.log"
Gurobi Optimizer version 13.0.2 build v13.0.2rc1 (win64 - Windows 11+.0 (26200.2))

CPU model: Intel(R) Core(TM) Ultra 9 288V, instruction set [SSE2|AVX|AVX2]
Thread count: 8 physical cores, 8 logical processors, using up to 8 threads

Non-default parameters:
Method  2
BarConvTol  0.0001
Crossover  0
NumericFocus  1
Threads  8

Academic license 2760258 - for non-commercial use only - registered to hl___@princeton.edu
Optimize a model with 1524154 rows, 1053766 columns and 4807933 nonzeros (Min)
Model fingerprint: 0x71de1769
Model has 457472 linear objective coefficients
Coefficient statistics:
  Matrix range     [1e-03, 1e+06]
  Objective range  [2e+01, 3e+08]
  Bounds range     [1e+00, 1e+00]
  RHS range        [4e+00, 1e+06]

Presolve removed 961518 rows and 721946 columns
Presolve time: 1.34s
Presolved: 562636 rows, 331820 columns, 2391136 nonzeros
Ordering time: 2.33s
Ordering time: 2.78s

Barrier statistics:
 Dense cols : 561
 AA' NZ     : 5.117e+06
 Factor NZ  : 1.417e+07 (roughly 500 MB of memory)
 Factor Ops : 1.912e+09 (less than 1 second per iteration)
 Threads    : 8

                  Objective                Residual
Iter       Primal          Dual         Primal    Dual     Compl     Time
   0   2.86584103e+16 -3.88766137e+15  4.50e+09 4.66e-10  1.97e+13     5s
   1   2.61836501e+16 -1.08299634e+16  4.04e+09 8.62e+05  1.13e+13     5s
   2   1.94953501e+16 -1.28573068e+16  2.66e+09 4.84e+05  7.35e+12     6s
   3   2.12247100e+16 -1.41824726e+16  1.41e+09 2.87e+05  4.15e+12     6s
   4   2.19890426e+16 -1.48208230e+16  9.97e+08 1.12e+05  2.59e+12     6s
   5   2.24064456e+16 -1.45281601e+16  8.97e+08 6.10e+04  2.23e+12     6s
   6   2.07164346e+16 -1.41747369e+16  4.09e+08 3.72e+04  1.07e+12     6s
   7   1.48136611e+16 -1.30893796e+16  1.84e+08 1.02e+04  4.75e+11     6s
   8   6.90396270e+15 -1.13507909e+16  6.93e+07 2.60e+03  1.82e+11     7s
   9   2.00654135e+15 -8.21255016e+15  2.54e+07 5.40e+02  6.57e+10     7s
  10   2.93617594e+15 -6.30594371e+15  6.00e+06 2.80e+02  2.30e+10     7s
  11   1.82335844e+15 -2.89246163e+15  3.85e+06 3.54e+01  1.16e+10     7s
  12   1.11322361e+15 -1.45317166e+15  2.26e+06 1.22e+01  5.89e+09     7s
  13   7.09323609e+14 -1.08664240e+15  1.37e+06 5.55e+00  3.69e+09     7s
  14   4.30559434e+14 -6.15561363e+14  7.66e+05 8.95e-01  1.96e+09     8s
  15   1.29518463e+14 -5.72713839e+14  1.81e+05 8.13e-01  9.83e+08     8s
  16   4.83241990e+13 -1.37862126e+14  4.50e+04 1.61e-01  2.39e+08     8s
  17   2.82134374e+13 -4.87344644e+13  2.10e+04 3.74e-02  9.65e+07     8s
  18   1.70009973e+13 -2.45413985e+13  1.05e+04 1.26e-02  5.10e+07     8s
  19   1.31830649e+13 -1.21225423e+13  7.52e+03 4.28e-03  3.10e+07     9s
  20   1.00796222e+13 -6.96993729e+12  5.27e+03 2.20e-03  2.08e+07     9s
  21   8.34177230e+12 -3.63903023e+12  4.09e+03 1.17e-03  1.46e+07     9s
  22   7.52161393e+12 -1.86184587e+12  3.57e+03 6.50e-04  1.14e+07     9s
  23   6.15362518e+12 -1.08442674e+12  2.71e+03 5.36e-04  8.79e+06     9s
  24   5.20074602e+12 -5.70959397e+11  2.13e+03 3.77e-04  6.98e+06    10s
  25   4.37162695e+12  7.76248340e+10  1.64e+03 2.33e-04  5.18e+06    10s
  26   3.67564576e+12  5.09362290e+11  1.24e+03 1.44e-04  3.81e+06    10s
  27   3.06794793e+12  8.00571799e+11  8.87e+02 8.56e-05  2.72e+06    10s
  28   2.60019392e+12  9.74922330e+11  6.30e+02 3.23e-05  1.94e+06    10s
  29   2.28462587e+12  1.10321448e+12  4.60e+02 2.00e-05  1.40e+06    11s
  30   2.01958902e+12  1.17211900e+12  3.15e+02 1.39e-05  1.00e+06    11s
  31   1.89840450e+12  1.21439721e+12  2.49e+02 1.02e-05  8.06e+05    11s
  32   1.76348627e+12  1.25672740e+12  1.78e+02 6.96e-06  5.95e+05    11s
  33   1.69056952e+12  1.28974679e+12  1.39e+02 4.81e-06  4.69e+05    12s
  34   1.62275634e+12  1.31458689e+12  1.04e+02 3.35e-06  3.60e+05    12s
  35   1.58014881e+12  1.33437993e+12  8.05e+01 2.36e-06  2.86e+05    12s
  36   1.53442190e+12  1.34982402e+12  5.67e+01 1.68e-06  2.14e+05    12s
  37   1.50562407e+12  1.36596100e+12  4.26e+01 1.01e-06  1.62e+05    12s
  38   1.46843601e+12  1.37489517e+12  2.74e+01 7.17e-07  1.08e+05    13s
  39   1.45825363e+12  1.37883719e+12  2.31e+01 5.89e-07  9.16e+04    13s
  40   1.44429908e+12  1.38264363e+12  1.75e+01 4.73e-07  7.11e+04    13s
  41   1.43486320e+12  1.38740582e+12  1.37e+01 3.20e-07  5.46e+04    13s
  42   1.42482762e+12  1.39061554e+12  9.79e+00 2.24e-07  3.93e+04    14s
  43   1.42012893e+12  1.39186155e+12  7.99e+00 1.88e-07  3.25e+04    14s
  44   1.41556965e+12  1.39343610e+12  6.23e+00 1.40e-07  2.54e+04    14s
  45   1.41351092e+12  1.39471871e+12  5.45e+00 1.03e-07  2.16e+04    14s
  46   1.41031977e+12  1.39558373e+12  4.23e+00 7.91e-08  1.69e+04    14s
  47   1.40927695e+12  1.39654895e+12  3.84e+00 5.87e-08  1.46e+04    15s
  48   1.40685280e+12  1.39711938e+12  2.92e+00 5.34e-08  1.12e+04    15s
  49   1.40608259e+12  1.39744925e+12  2.64e+00 4.84e-08  9.90e+03    15s
  50   1.40443869e+12  1.39789631e+12  2.03e+00 3.96e-08  7.50e+03    15s
  51   1.40313383e+12  1.39810797e+12  1.54e+00 3.48e-08  5.76e+03    16s
  52   1.40296919e+12  1.39815677e+12  1.48e+00 3.31e-08  5.51e+03    16s
  53   1.40259469e+12  1.39820822e+12  1.35e+00 3.14e-08  5.03e+03    16s
  54   1.40181014e+12  1.39836481e+12  1.06e+00 2.63e-08  3.95e+03    16s
  55   1.40145432e+12  1.39842454e+12  9.29e-01 2.33e-08  3.47e+03    16s
  56   1.40102497e+12  1.39850377e+12  7.74e-01 1.91e-08  2.89e+03    17s
  57   1.40061113e+12  1.39859065e+12  6.23e-01 1.46e-08  2.31e+03    17s
  58   1.40023423e+12  1.39864457e+12  4.91e-01 1.16e-08  1.82e+03    17s
  59   1.40008740e+12  1.39870243e+12  4.36e-01 7.22e-09  1.59e+03    18s
  60   1.39975275e+12  1.39872857e+12  3.17e-01 5.79e-09  1.17e+03    18s
  61   1.39951998e+12  1.39873417e+12  2.39e-01 5.57e-09  9.01e+02    18s
  62   1.39943988e+12  1.39876302e+12  2.12e-01 4.03e-09  7.75e+02    18s
  63   1.39927798e+12  1.39877939e+12  1.54e-01 4.46e-09  5.71e+02    19s
  64   1.39916078e+12  1.39879498e+12  1.13e-01 5.29e-09  4.19e+02    19s
  65   1.39905222e+12  1.39880321e+12  7.55e-02 3.78e-09  2.85e+02    19s
  66   1.39900363e+12  1.39881360e+12  5.88e-02 7.45e-09  2.18e+02    19s
  67   1.39893490e+12  1.39881647e+12  3.50e-02 1.88e-09  1.36e+02    20s

Barrier solved model in 67 iterations and 19.58 seconds (27.48 work units)
Optimal objective 1.39893490e+12


User-callback calls 1511, time in user-callback 0.01 sec

Gurobi 13.0.0 (mac64[arm]) logging started Wed Jun 24 10:18:54 2026

Set parameter LogFile to value "/Users/al3792/Documents_Local/NZC_June_2026/NZC_Workshop_Example_Systems_June_2026/NZC_Power Sector_12day_WIP/case/gurobi.log"

Gurobi 13.0.0 (mac64[arm]) logging started Wed Jun 24 10:19:17 2026

Set parameter LogFile to value "/Users/al3792/Documents_Local/NZC_June_2026/NZC_Workshop_Example_Systems_June_2026/NZC_Power Sector_12day_WIP/case/gurobi.log"
Gurobi Optimizer version 13.0.0 build v13.0.0rc1 (mac64[arm] - Darwin 25.5.0 25F80)

CPU model: Apple M4 Pro
Thread count: 14 physical cores, 14 logical processors, using up to 8 threads

Non-default parameters:
Method  2
BarConvTol  0.0001
Crossover  0
NumericFocus  1
Threads  8

Optimize a model with 1524154 rows, 1053766 columns and 4807933 nonzeros (Min)
Model fingerprint: 0x5c64ce93
Model has 457472 linear objective coefficients
Coefficient statistics:
  Matrix range     [1e-03, 1e+06]
  Objective range  [2e+01, 3e+08]
  Bounds range     [1e+00, 1e+00]
  RHS range        [4e+00, 1e+06]
Presolve removed 961518 rows and 721946 columns
Presolve time: 1.30s
Presolved: 562636 rows, 331820 columns, 2391136 nonzeros
Ordering time: 2.48s
Ordering time: 3.03s

Barrier statistics:
 Dense cols : 561
 AA' NZ     : 5.117e+06
 Factor NZ  : 1.417e+07 (roughly 500 MB of memory)
 Factor Ops : 1.912e+09 (less than 1 second per iteration)
 Threads    : 8

                  Objective                Residual
Iter       Primal          Dual         Primal    Dual     Compl     Time
   0   2.86584103e+16 -3.88766137e+15  4.50e+09 4.35e-10  1.97e+13     5s
   1   2.61836501e+16 -1.08299634e+16  4.04e+09 8.62e+05  1.13e+13     5s
   2   1.94953501e+16 -1.28573068e+16  2.66e+09 4.84e+05  7.35e+12     5s
   3   2.12247100e+16 -1.41824726e+16  1.41e+09 2.87e+05  4.15e+12     6s
   4   2.19890426e+16 -1.48208230e+16  9.97e+08 1.12e+05  2.59e+12     6s
   5   2.24064456e+16 -1.45281601e+16  8.97e+08 6.10e+04  2.23e+12     6s
   6   2.07164346e+16 -1.41747369e+16  4.09e+08 3.72e+04  1.07e+12     6s
   7   1.48136611e+16 -1.30893796e+16  1.84e+08 1.02e+04  4.75e+11     6s
   8   5.10600204e+15 -1.09896612e+16  4.45e+07 9.64e+02  1.19e+11     6s
   9   1.84888535e+15 -7.71553913e+15  2.32e+07 1.78e+02  5.91e+10     7s
  10   1.82913000e+15 -6.90838381e+15  1.16e+07 1.35e+02  3.36e+10     7s
  11   1.56448910e+15 -4.83849984e+15  8.56e+06 5.07e+01  2.31e+10     7s
  12   1.04624533e+15 -2.33467032e+15  4.90e+06 3.69e+00  1.13e+10     7s
  13   2.50645075e+14 -1.04197817e+15  7.90e+05 5.11e-01  2.43e+09     7s
  14   1.03605156e+14 -9.31904639e+14  2.33e+05 4.42e-01  1.46e+09     7s
  15   5.94543903e+13 -3.57298301e+14  9.34e+04 7.69e-02  5.46e+08     8s
  16   3.56947722e+13 -1.78002826e+14  4.11e+04 2.40e-02  2.67e+08     8s
  17   2.52725917e+13 -7.24302776e+13  2.30e+04 4.16e-03  1.21e+08     8s
  18   1.57879807e+13 -2.87483216e+13  1.05e+04 1.13e-03  5.42e+07     8s
  19   1.12058790e+13 -1.05951085e+13  6.76e+03 3.21e-04  2.67e+07     8s
  20   8.94474875e+12 -7.48469863e+12  5.05e+03 2.18e-04  2.00e+07     8s
  21   7.63341194e+12 -3.69349631e+12  4.06e+03 1.09e-04  1.38e+07     8s
  22   6.94332139e+12 -2.52480275e+12  3.55e+03 7.79e-05  1.16e+07     9s
  23   6.00144380e+12 -1.42598251e+12  2.93e+03 7.30e-05  9.05e+06     9s
  24   5.00583436e+12 -3.42544218e+11  2.27e+03 3.80e-05  6.50e+06     9s
  25   4.08207427e+12  1.00545108e+11  1.66e+03 3.90e-05  4.81e+06     9s
  26   3.56548894e+12  5.50130674e+11  1.32e+03 2.39e-05  3.64e+06     9s
  27   2.82772458e+12  8.84822833e+11  8.61e+02 8.18e-06  2.33e+06    10s
  28   2.45820116e+12  1.04425956e+12  6.37e+02 4.57e-06  1.69e+06    10s
  29   2.22083685e+12  1.11730872e+12  4.91e+02 3.09e-06  1.32e+06    10s
  30   2.04571609e+12  1.14608656e+12  3.79e+02 2.72e-06  1.07e+06    10s
  31   1.97017993e+12  1.19262964e+12  3.32e+02 2.11e-06  9.22e+05    10s
  32   1.84772773e+12  1.22816656e+12  2.61e+02 1.67e-06  7.32e+05    10s
  33   1.72575844e+12  1.27073708e+12  1.89e+02 1.17e-06  5.36e+05    11s
  34   1.65298649e+12  1.30176633e+12  1.44e+02 8.42e-07  4.12e+05    11s
  35   1.60392465e+12  1.32304820e+12  1.14e+02 6.29e-07  3.29e+05    11s
  36   1.55847061e+12  1.34436155e+12  8.57e+01 4.28e-07  2.50e+05    11s
  37   1.52175744e+12  1.35978683e+12  6.41e+01 2.97e-07  1.88e+05    11s
  38   1.49326285e+12  1.37133140e+12  4.81e+01 1.97e-07  1.41e+05    12s
  39   1.46720923e+12  1.37807597e+12  3.43e+01 1.43e-07  1.03e+05    12s
  40   1.45655711e+12  1.38443059e+12  2.90e+01 9.15e-08  8.32e+04    12s
  41   1.44334000e+12  1.38817099e+12  2.25e+01 6.37e-08  6.35e+04    12s
  42   1.43397519e+12  1.39027682e+12  1.78e+01 4.89e-08  5.03e+04    12s
  43   1.42483108e+12  1.39247203e+12  1.31e+01 3.40e-08  3.72e+04    13s
  44   1.41864397e+12  1.39384288e+12  1.01e+01 2.79e-08  2.85e+04    13s
  45   1.41531467e+12  1.39494351e+12  8.39e+00 2.33e-08  2.34e+04    13s
  46   1.41282469e+12  1.39560308e+12  7.12e+00 2.22e-08  1.98e+04    13s
  47   1.41001465e+12  1.39628524e+12  5.66e+00 2.20e-08  1.57e+04    14s
  48   1.40805103e+12  1.39694646e+12  4.60e+00 2.12e-08  1.27e+04    14s
  49   1.40717587e+12  1.39722509e+12  4.17e+00 2.19e-08  1.14e+04    14s
  50   1.40548160e+12  1.39748200e+12  3.29e+00 2.17e-08  9.17e+03    14s
  51   1.40439230e+12  1.39783080e+12  2.74e+00 2.14e-08  7.52e+03    14s
  52   1.40319477e+12  1.39802749e+12  2.16e+00 2.13e-08  5.92e+03    15s
  53   1.40271384e+12  1.39813549e+12  1.92e+00 1.99e-08  5.25e+03    15s
  54   1.40232597e+12  1.39825252e+12  1.72e+00 1.85e-08  4.67e+03    15s
  55   1.40176248e+12  1.39827065e+12  1.43e+00 1.82e-08  4.00e+03    15s
  56   1.40127526e+12  1.39840719e+12  1.18e+00 1.53e-08  3.29e+03    15s
  57   1.40075467e+12  1.39847938e+12  9.29e-01 1.31e-08  2.61e+03    16s
  58   1.40051255e+12  1.39854941e+12  8.11e-01 1.08e-08  2.25e+03    16s
  59   1.40037386e+12  1.39857847e+12  7.42e-01 1.01e-08  2.06e+03    16s
  60   1.40029963e+12  1.39865157e+12  7.06e-01 9.00e-09  1.89e+03    16s
  61   1.40015388e+12  1.39865906e+12  6.37e-01 8.93e-09  1.71e+03    16s
  62   1.39989440e+12  1.39870567e+12  5.13e-01 8.42e-09  1.36e+03    17s
  63   1.39961534e+12  1.39871917e+12  3.75e-01 8.73e-09  1.03e+03    17s
  64   1.39953599e+12  1.39873031e+12  3.37e-01 8.63e-09  9.23e+02    17s
  65   1.39943816e+12  1.39875325e+12  2.90e-01 8.18e-09  7.85e+02    17s
  66   1.39925676e+12  1.39877828e+12  2.02e-01 7.45e-09  5.48e+02    17s
  67   1.39915124e+12  1.39879903e+12  1.51e-01 7.45e-09  4.03e+02    18s
  68   1.39908771e+12  1.39880801e+12  1.21e-01 6.16e-09  3.20e+02    18s
  69   1.39900677e+12  1.39881492e+12  8.20e-02 6.05e-09  2.20e+02    18s
  70   1.39893571e+12  1.39881875e+12  4.86e-02 5.72e-09  1.34e+02    18s

Barrier solved model in 70 iterations and 18.13 seconds (28.96 work units)
Optimal objective 1.39893571e+12


User-callback calls 3073, time in user-callback 0.00 sec

Gurobi 13.0.0 (mac64[arm]) logging started Wed Jun 24 10:52:14 2026

Set parameter LogFile to value "/Users/al3792/Documents_Local/NZC_June_2026/NZC_Workshop_Example_Systems_June_2026/NZC_Power Sector_12day_WIP/case/gurobi.log"

Gurobi 13.0.0 (mac64[arm]) logging started Wed Jun 24 10:52:35 2026

Set parameter LogFile to value "/Users/al3792/Documents_Local/NZC_June_2026/NZC_Workshop_Example_Systems_June_2026/NZC_Power Sector_12day_WIP/case/gurobi.log"
Gurobi Optimizer version 13.0.0 build v13.0.0rc1 (mac64[arm] - Darwin 25.5.0 25F80)

CPU model: Apple M4 Pro
Thread count: 14 physical cores, 14 logical processors, using up to 8 threads

Non-default parameters:
Method  2
BarConvTol  0.0001
Crossover  0
NumericFocus  1
Threads  8

Optimize a model with 2394512 rows, 1570832 columns and 7349039 nonzeros (Min)
Model fingerprint: 0xd11c9cb1
Model has 538423 linear objective coefficients
Coefficient statistics:
  Matrix range     [1e-03, 1e+06]
  Objective range  [2e+01, 3e+08]
  Bounds range     [1e+00, 1e+00]
  RHS range        [1e+00, 1e+06]
Presolve removed 652339 rows and 224068 columns
Presolve time: 0.27s

Barrier solved model in 0 iterations and 0.27 seconds (0.47 work units)
Model is infeasible

User-callback calls 28, time in user-callback 0.00 sec

Gurobi 13.0.0 (mac64[arm]) logging started Wed Jun 24 10:55:18 2026

Set parameter LogFile to value "/Users/al3792/Documents_Local/NZC_June_2026/NZC_Workshop_Example_Systems_June_2026/NZC_Power Sector_12day_WIP/case/gurobi.log"

Gurobi 13.0.0 (mac64[arm]) logging started Wed Jun 24 10:55:34 2026

Set parameter LogFile to value "/Users/al3792/Documents_Local/NZC_June_2026/NZC_Workshop_Example_Systems_June_2026/NZC_Power Sector_12day_WIP/case/gurobi.log"
Gurobi Optimizer version 13.0.0 build v13.0.0rc1 (mac64[arm] - Darwin 25.5.0 25F80)

CPU model: Apple M4 Pro
Thread count: 14 physical cores, 14 logical processors, using up to 8 threads

Non-default parameters:
Method  2
BarConvTol  0.0001
Crossover  0
NumericFocus  1
Threads  8

Optimize a model with 2385584 rows, 1570832 columns and 7340687 nonzeros (Min)
Model fingerprint: 0x80099ac0
Model has 538423 linear objective coefficients
Coefficient statistics:
  Matrix range     [1e-03, 1e+06]
  Objective range  [2e+01, 3e+08]
  Bounds range     [1e+00, 1e+00]
  RHS range        [1e+00, 1e+06]
Presolve removed 643411 rows and 224068 columns
Presolve time: 0.31s

Barrier solved model in 0 iterations and 0.31 seconds (0.47 work units)
Model is infeasible

User-callback calls 28, time in user-callback 0.00 sec

Gurobi 13.0.0 (mac64[arm]) logging started Wed Jun 24 10:56:19 2026

Set parameter LogFile to value "/Users/al3792/Documents_Local/NZC_June_2026/NZC_Workshop_Example_Systems_June_2026/NZC_Power Sector_12day_WIP/case/gurobi.log"

Gurobi 13.0.0 (mac64[arm]) logging started Wed Jun 24 10:56:33 2026

Set parameter LogFile to value "/Users/al3792/Documents_Local/NZC_June_2026/NZC_Workshop_Example_Systems_June_2026/NZC_Power Sector_12day_WIP/case/gurobi.log"
Gurobi Optimizer version 13.0.0 build v13.0.0rc1 (mac64[arm] - Darwin 25.5.0 25F80)

CPU model: Apple M4 Pro
Thread count: 14 physical cores, 14 logical processors, using up to 8 threads

Non-default parameters:
Method  2
BarConvTol  0.0001
Crossover  0
NumericFocus  1
Threads  8

Optimize a model with 2385584 rows, 1570832 columns and 7340687 nonzeros (Min)
Model fingerprint: 0x80099ac0
Model has 538423 linear objective coefficients
Coefficient statistics:
  Matrix range     [1e-03, 1e+06]
  Objective range  [2e+01, 3e+08]
  Bounds range     [1e+00, 1e+00]
  RHS range        [1e+00, 1e+06]
Presolve removed 643411 rows and 224068 columns
Presolve time: 0.25s

Barrier solved model in 0 iterations and 0.25 seconds (0.47 work units)
Model is infeasible

User-callback calls 28, time in user-callback 0.00 sec

Gurobi 13.0.0 (mac64[arm]) logging started Wed Jun 24 11:13:04 2026

Set parameter LogFile to value "/Users/al3792/Documents_Local/NZC_June_2026/NZC_Workshop_Example_Systems_June_2026/NZC_Power Sector_12day_WIP/case/gurobi.log"

Gurobi 13.0.0 (mac64[arm]) logging started Wed Jun 24 11:13:19 2026

Set parameter LogFile to value "/Users/al3792/Documents_Local/NZC_June_2026/NZC_Workshop_Example_Systems_June_2026/NZC_Power Sector_12day_WIP/case/gurobi.log"
Gurobi Optimizer version 13.0.0 build v13.0.0rc1 (mac64[arm] - Darwin 25.5.0 25F80)

CPU model: Apple M4 Pro
Thread count: 14 physical cores, 14 logical processors, using up to 8 threads

Non-default parameters:
Method  2
BarConvTol  0.0001
Crossover  0
NumericFocus  1
Threads  8

Optimize a model with 2477514 rows, 1654439 columns and 7566307 nonzeros (Min)
Model fingerprint: 0x2d3f35ed
Model has 538481 linear objective coefficients
Coefficient statistics:
  Matrix range     [1e-03, 1e+06]
  Objective range  [2e+01, 3e+08]
  Bounds range     [1e+00, 1e+00]
  RHS range        [1e+00, 1e+06]
Presolve removed 685229 rows and 265886 columns
Presolve time: 0.26s

Barrier solved model in 0 iterations and 0.26 seconds (0.49 work units)
Model is infeasible

User-callback calls 28, time in user-callback 0.00 sec

Gurobi 13.0.0 (mac64[arm]) logging started Wed Jun 24 11:16:38 2026

Set parameter LogFile to value "/Users/al3792/Documents_Local/NZC_June_2026/NZC_Workshop_Example_Systems_June_2026/NZC_Power Sector_12day_WIP/case/gurobi.log"

Gurobi 13.0.0 (mac64[arm]) logging started Wed Jun 24 11:20:18 2026

Set parameter LogFile to value "/Users/al3792/Documents_Local/NZC_June_2026/NZC_Workshop_Example_Systems_June_2026/NZC_Power Sector_12day_WIP/case/gurobi.log"

Gurobi 13.0.0 (mac64[arm]) logging started Wed Jun 24 11:20:51 2026

Set parameter LogFile to value "/Users/al3792/Documents_Local/NZC_June_2026/NZC_Workshop_Example_Systems_June_2026/NZC_Power Sector_12day_WIP/case/gurobi.log"
Gurobi Optimizer version 13.0.0 build v13.0.0rc1 (mac64[arm] - Darwin 25.5.0 25F80)

CPU model: Apple M4 Pro
Thread count: 14 physical cores, 14 logical processors, using up to 8 threads

Non-default parameters:
Method  2
BarConvTol  0.0001
Crossover  0
NumericFocus  1
Threads  8

Optimize a model with 2477514 rows, 1654439 columns and 7566307 nonzeros (Min)
Model fingerprint: 0x2d3f35ed
Model has 538481 linear objective coefficients
Coefficient statistics:
  Matrix range     [1e-03, 1e+06]
  Objective range  [2e+01, 3e+08]
  Bounds range     [1e+00, 1e+00]
  RHS range        [1e+00, 1e+06]
Presolve removed 685229 rows and 265886 columns
Presolve time: 0.23s

Barrier solved model in 0 iterations and 0.23 seconds (0.49 work units)
Model is infeasible

User-callback calls 28, time in user-callback 0.00 sec
