
Gurobi 13.0.2 (win64) logging started Thu Jun 25 15:43:51 2026

Set parameter LogFile to value "c:\Users\Liyun\MACRO_NZC\NZC_Workshop_All Sector_12day_MultiPeriods_WIP\case\gurobi.log"

Gurobi 13.0.2 (win64) logging started Thu Jun 25 15:44:48 2026

Set parameter LogFile to value "c:\Users\Liyun\MACRO_NZC\NZC_Workshop_All Sector_12day_MultiPeriods_WIP\case\gurobi.log"
Gurobi Optimizer version 13.0.2 build v13.0.2rc1 (win64 - Windows 11+.0 (26200.2))

CPU model: Intel(R) Core(TM) Ultra 9 288V, instruction set [SSE2|AVX|AVX2]
Thread count: 8 physical cores, 8 logical processors, using up to 8 threads

Non-default parameters:
Method  2
BarConvTol  0.001
Crossover  0
NumericFocus  1
Threads  8

Academic license 2760258 - for non-commercial use only - registered to hl___@princeton.edu
Optimize a model with 5293520 rows, 4118440 columns and 15968189 nonzeros (Min)
Model fingerprint: 0x2cb1f8ec
Model has 1870654 linear objective coefficients
Coefficient statistics:
  Matrix range     [1e-03, 1e+06]
  Objective range  [2e-05, 4e+08]
  Bounds range     [1e+00, 1e+00]
  RHS range        [3e-01, 1e+06]

Presolve removed 3997813 rows and 2939880 columns
Presolve time: 5.15s
Presolved: 1295707 rows, 1178560 columns, 6678872 nonzeros
Ordering time: 12.42s

Barrier statistics:
 Dense cols : 1034
 Free vars  : 168
 AA' NZ     : 3.197e+07
 Factor NZ  : 1.243e+08 (roughly 2.0 GB of memory)
 Factor Ops : 1.007e+11 (roughly 1 second per iteration)
 Threads    : 8

                  Objective                Residual
Iter       Primal          Dual         Primal    Dual     Compl     Time
   0   3.95481215e+17 -1.58173028e+16  4.13e+09 8.17e+04  1.78e+14    21s
   1   3.71422490e+17 -2.24687584e+16  3.78e+09 1.69e+07  1.43e+14    22s
   2   3.23216533e+17 -3.29863319e+16  2.90e+09 1.48e+07  1.13e+14    24s
   3   2.74218633e+17 -5.29004621e+16  1.81e+09 1.08e+07  7.80e+13    25s
   4   1.29685928e+18 -9.39971648e+16  6.27e+08 4.15e+06  2.97e+13    27s
   5   1.86196736e+18 -1.17173601e+17  1.31e+08 6.10e+05  5.59e+12    28s
   6   1.18002606e+18 -1.09454150e+17  5.09e+07 2.08e+05  2.16e+12    30s
   7   3.62556395e+17 -9.47197609e+16  4.58e+06 1.09e+05  6.88e+11    31s
   8   2.92788875e+17 -5.56289996e+16  3.42e+06 3.82e+04  3.47e+11    32s
   9   1.15234205e+17 -4.52447672e+16  1.06e+06 2.62e+04  1.81e+11    34s
  10   8.37273136e+16 -4.29038013e+16  7.22e+05 2.41e+04  1.52e+11    35s
  11   5.05504699e+16 -2.46938494e+16  3.96e+05 9.28e+03  6.88e+10    36s
  12   4.29254662e+16 -2.31071051e+16  3.32e+05 8.30e+03  6.01e+10    37s
  13   2.69052884e+16 -1.81733538e+16  2.03e+05 5.35e+03  3.86e+10    38s
  14   2.24967810e+16 -1.23709291e+16  1.72e+05 2.38e+03  2.35e+10    39s
  15   8.48710577e+15 -1.13996792e+16  6.98e+04 1.99e+03  1.42e+10    41s
  16   7.31895179e+15 -7.49201997e+15  3.48e+04 1.36e+03  9.57e+09    42s
  17   5.58469733e+15 -4.37793604e+15  2.39e+04 7.23e+02  5.80e+09    43s
  18   3.06685459e+15 -2.78749842e+15  1.17e+04 4.31e+02  3.27e+09    44s
  19   2.05223703e+15 -1.87378789e+15  6.99e+03 2.74e+02  2.09e+09    46s
  20   1.86670136e+15 -1.75303324e+15  6.22e+03 2.55e+02  1.92e+09    47s
  21   1.64741774e+15 -1.42629086e+15  5.33e+03 2.05e+02  1.59e+09    48s
  22   1.31036186e+15 -1.16369874e+15  3.99e+03 1.66e+02  1.26e+09    49s
  23   8.04489407e+14 -6.68869891e+14  2.08e+03 9.37e+01  7.19e+08    51s
  24   6.06164440e+14 -4.71782712e+14  1.45e+03 6.56e+01  5.15e+08    52s
  25   2.37915560e+14 -2.58472525e+14  3.64e+02 3.65e+01  2.31e+08    54s
  26   1.36730936e+14 -1.37981405e+14  1.58e+02 2.27e+01  1.25e+08    55s
  27   1.08658284e+14 -1.17821049e+14  1.13e+02 2.05e+01  1.03e+08    56s
  28   9.41315984e+13 -9.07677884e+13  9.10e+01 1.48e+01  8.34e+07    57s
  29   9.02342143e+13 -8.49858751e+13  8.54e+01 1.39e+01  7.89e+07    59s
  30   8.52251770e+13 -7.40570245e+13  7.84e+01 1.22e+01  7.15e+07    60s
  31   7.05385538e+13 -5.03243841e+13  5.86e+01 8.88e+00  5.39e+07    61s
  32   6.51135004e+13 -4.58772327e+13  5.21e+01 8.29e+00  4.95e+07    62s
  33   6.25070160e+13 -3.99940487e+13  4.91e+01 7.47e+00  4.56e+07    63s
  34   6.05507614e+13 -3.47880347e+13  4.70e+01 6.73e+00  4.23e+07    65s
  35   5.85993643e+13 -3.19183767e+13  4.50e+01 6.31e+00  4.01e+07    66s
  36   5.65953280e+13 -2.88066139e+13  4.30e+01 5.79e+00  3.78e+07    68s
  37   5.23343742e+13 -2.51212073e+13  3.87e+01 5.18e+00  3.42e+07    69s
  38   4.59934441e+13 -1.90838682e+13  3.27e+01 4.25e+00  2.87e+07    70s
  39   4.19273925e+13 -1.67139394e+13  2.92e+01 3.85e+00  2.58e+07    72s
  40   3.61440539e+13 -1.13900955e+13  2.43e+01 2.96e+00  2.08e+07    73s
  41   3.23827410e+13 -8.75143847e+12  2.12e+01 2.50e+00  1.80e+07    75s
  42   2.50465062e+13 -6.27526840e+12  1.52e+01 1.92e+00  1.37e+07    76s
  43   2.03086421e+13 -4.07242113e+12  1.15e+01 1.45e+00  1.06e+07    78s
  44   1.54027206e+13 -3.11927597e+12  7.87e+00 1.22e+00  8.08e+06    79s
  45   1.44321624e+13 -2.07421485e+12  7.22e+00 1.05e+00  7.18e+06    81s
  46   1.43597047e+13 -1.84047180e+12  7.17e+00 1.01e+00  7.04e+06    82s
  47   1.40020832e+13 -1.72527889e+12  6.94e+00 9.84e-01  6.83e+06    83s
  48   1.20850596e+13 -9.43515553e+11  5.67e+00 8.33e-01  5.66e+06    84s
  49   1.08521690e+13 -3.85260877e+11  4.88e+00 7.17e-01  4.87e+06    86s
  50   1.07229375e+13 -2.38108848e+11  4.80e+00 6.71e-01  4.75e+06    87s
  51   9.43251871e+12  5.00272542e+10  4.02e+00 6.05e-01  4.06e+06    88s
  52   9.00920911e+12  5.26760503e+11  3.76e+00 4.98e-01  3.66e+06    90s
  53   7.90235167e+12  6.56688653e+11  3.08e+00 4.59e-01  3.13e+06    91s
  54   7.63695929e+12  9.11109007e+11  2.91e+00 3.98e-01  2.90e+06    93s
  55   7.53132512e+12  9.81831633e+11  2.85e+00 3.79e-01  2.82e+06    94s
  56   6.11025816e+12  1.32046350e+12  1.96e+00 2.78e-01  2.07e+06    96s
  57   5.40718769e+12  1.71021534e+12  1.52e+00 2.03e-01  1.59e+06    97s
  58   4.93911501e+12  1.91992742e+12  1.24e+00 1.59e-01  1.29e+06    99s
  59   4.52618264e+12  2.11395001e+12  9.89e-01 1.19e-01  1.03e+06   100s
  60   3.99837106e+12  2.22381377e+12  6.79e-01 1.01e-01  7.59e+05   102s
  61   3.72073999e+12  2.35403129e+12  5.08e-01 8.24e-02  5.83e+05   103s
  62   3.49755204e+12  2.45138809e+12  3.78e-01 6.75e-02  4.46e+05   105s
  63   3.36034433e+12  2.52662786e+12  2.99e-01 5.50e-02  3.55e+05   106s
  64   3.22726979e+12  2.57223507e+12  2.29e-01 4.71e-02  2.79e+05   108s
  65   3.13701043e+12  2.63375402e+12  1.77e-01 3.58e-02  2.14e+05   110s
  66   3.07460838e+12  2.67176692e+12  1.40e-01 2.92e-02  1.71e+05   111s
  67   2.98126557e+12  2.70319689e+12  9.19e-02 2.40e-02  1.18e+05   113s
  68   2.93774839e+12  2.72520981e+12  7.05e-02 1.92e-02  9.00e+04   114s
  69   2.90092541e+12  2.73979177e+12  5.35e-02 1.55e-02  6.82e+04   116s
  70   2.87686837e+12  2.75043833e+12  4.27e-02 1.23e-02  5.34e+04   117s
  71   2.86161481e+12  2.75624739e+12  3.58e-02 1.02e-02  4.45e+04   119s
  72   2.84450034e+12  2.76257586e+12  2.79e-02 7.73e-03  3.46e+04   120s
  73   2.83638732e+12  2.76763987e+12  2.40e-02 5.76e-03  2.90e+04   122s
  74   2.82313846e+12  2.77053579e+12  1.80e-02 4.50e-03  2.22e+04   124s
  75   2.81507515e+12  2.77346203e+12  1.44e-02 3.10e-03  1.75e+04   125s
  76   2.80659772e+12  2.77552014e+12  1.08e-02 2.08e-03  1.31e+04   126s
  77   2.79990691e+12  2.77679735e+12  7.85e-03 1.44e-03  9.72e+03   128s
  78   2.79603230e+12  2.77770143e+12  6.21e-03 1.16e-03  7.71e+03   129s
  79   2.79221203e+12  2.77815108e+12  4.57e-03 9.76e-04  5.92e+03   131s
  80   2.78930322e+12  2.77897188e+12  3.29e-03 6.92e-04  4.35e+03   132s
  81   2.78628105e+12  2.77949393e+12  2.08e-03 5.11e-04  2.86e+03   134s
  82   2.78442568e+12  2.77980493e+12  1.33e-03 4.44e-04  1.95e+03   135s
  83   2.78369748e+12  2.78014063e+12  1.27e-03 3.60e-04  1.50e+03   137s
  84   2.78290463e+12  2.78038700e+12  1.59e-03 2.88e-04  1.06e+03   138s

Barrier solved model in 84 iterations and 138.35 seconds (208.59 work units)
Optimal objective 2.78290463e+12


User-callback calls 9053, time in user-callback 0.02 sec

Gurobi 13.0.2 (win64) logging started Thu Jun 25 15:48:31 2026

Set parameter LogFile to value "c:\Users\Liyun\MACRO_NZC\NZC_Workshop_All Sector_12day_MultiPeriods_WIP\case\gurobi.log"

Gurobi 13.0.2 (win64) logging started Thu Jun 25 15:49:01 2026

Set parameter LogFile to value "c:\Users\Liyun\MACRO_NZC\NZC_Workshop_All Sector_12day_MultiPeriods_WIP\case\gurobi.log"
Gurobi Optimizer version 13.0.2 build v13.0.2rc1 (win64 - Windows 11+.0 (26200.2))

CPU model: Intel(R) Core(TM) Ultra 9 288V, instruction set [SSE2|AVX|AVX2]
Thread count: 8 physical cores, 8 logical processors, using up to 8 threads

Non-default parameters:
Method  2
BarConvTol  0.001
Crossover  0
NumericFocus  1
Threads  8

Academic license 2760258 - for non-commercial use only - registered to hl___@princeton.edu
Optimize a model with 5293938 rows, 4118440 columns and 15969023 nonzeros (Min)
Model fingerprint: 0x430268fe
Model has 1870654 linear objective coefficients
Coefficient statistics:
  Matrix range     [1e-03, 1e+06]
  Objective range  [2e-05, 6e+08]
  Bounds range     [1e+00, 1e+00]
  RHS range        [1e-03, 1e+06]

Presolve removed 4005108 rows and 2909771 columns (presolve time = 5s)...
Presolve removed 4014005 rows and 2938531 columns
Presolve time: 6.11s
Presolved: 1279933 rows, 1179909 columns, 6651874 nonzeros
Ordering time: 11.82s

Barrier statistics:
 Dense cols : 1034
 Free vars  : 168
 AA' NZ     : 2.972e+07
 Factor NZ  : 1.280e+08 (roughly 2.0 GB of memory)
 Factor Ops : 1.144e+11 (roughly 1 second per iteration)
 Threads    : 8

                  Objective                Residual
Iter       Primal          Dual         Primal    Dual     Compl     Time
   0   5.56869723e+18 -2.08525946e+16  3.90e+10 9.95e+04  2.31e+15    21s
   1   5.20963331e+18 -2.97891260e+16  3.58e+10 2.94e+07  2.06e+15    22s
   2   4.53199149e+18 -3.54888069e+16  2.93e+10 2.47e+07  1.72e+15    23s
   3   3.98868303e+18 -2.30230115e+17  2.33e+10 1.59e+07  1.47e+15    24s
   4   3.44405661e+18 -2.54898263e+17  1.63e+10 1.15e+07  1.07e+15    25s
   5   2.07468274e+19 -2.98492359e+17  6.04e+09 5.82e+06  4.47e+14    27s
   6   2.34297491e+19 -3.14877286e+17  4.03e+09 1.29e+06  1.79e+14    28s
   7   1.92424681e+19 -3.29221945e+17  9.94e+08 2.23e+05  4.45e+13    30s
   8   4.17152058e+18 -3.17563936e+17  6.21e+07 8.02e+04  6.83e+12    31s
   9   1.48571145e+18 -2.51174038e+17  1.57e+07 2.28e+04  1.97e+12    32s
  10   5.24032579e+17 -1.68703842e+17  4.37e+06 7.30e+03  6.23e+11    33s
  11   4.61025316e+17 -1.00239059e+17  3.74e+06 2.90e+03  4.01e+11    34s
  12   2.52995581e+17 -6.91134987e+16  1.91e+06 1.74e+03  2.09e+11    35s
  13   1.71801681e+17 -6.07807219e+16  1.22e+06 1.43e+03  1.47e+11    37s
  14   1.32795953e+17 -3.43234278e+16  9.13e+05 5.43e+02  9.49e+10    38s
  15   1.05249396e+17 -3.23311149e+16  7.14e+05 4.94e+02  7.75e+10    39s
  16   7.66319039e+16 -3.05761496e+16  5.13e+05 4.52e+02  5.99e+10    40s
  17   4.05924298e+16 -1.59798684e+16  2.62e+05 1.28e+02  2.87e+10    41s
  18   2.52179888e+16 -1.02211618e+16  1.67e+05 3.67e+01  1.71e+10    43s
  19   9.99999519e+15 -1.00310745e+16  7.78e+04 3.51e+01  9.51e+09    44s
  20   9.03478053e+15 -7.15177293e+15  5.93e+04 2.13e+01  7.46e+09    45s
  21   7.86758758e+15 -6.09911744e+15  5.27e+04 1.78e+01  6.40e+09    46s
  22   4.61915848e+15 -4.66043367e+15  3.17e+04 1.38e+01  4.18e+09    48s
  23   3.43339522e+15 -3.60273271e+15  2.34e+04 1.04e+01  3.14e+09    49s
  24   2.62122632e+15 -2.84114216e+15  1.80e+04 7.92e+00  2.42e+09    51s
  25   2.01260944e+15 -2.35928050e+15  1.40e+04 6.46e+00  1.93e+09    52s
  26   1.69577426e+15 -1.84038689e+15  1.18e+04 4.96e+00  1.55e+09    54s
  27   1.27192794e+15 -1.21504877e+15  8.70e+03 3.21e+00  1.09e+09    55s
  28   8.45127232e+14 -7.68294961e+14  5.58e+03 2.57e+00  7.00e+08    57s
  29   3.30599921e+14 -5.05384849e+14  1.91e+03 2.58e+00  3.59e+08    59s
  30   1.67598110e+14 -1.80623609e+14  7.58e+02 3.05e+00  1.49e+08    60s
  31   1.53429279e+14 -1.63152969e+14  6.74e+02 2.86e+00  1.35e+08    61s
  32   1.01655246e+14 -9.49216294e+13  3.80e+02 1.97e+00  8.36e+07    63s
  33   9.48438183e+13 -8.53015858e+13  3.45e+02 1.84e+00  7.66e+07    64s
  34   9.23251526e+13 -8.35785215e+13  3.32e+02 1.80e+00  7.48e+07    65s
  35   8.56000628e+13 -6.91095901e+13  2.98e+02 1.54e+00  6.58e+07    66s
  36   7.71684252e+13 -5.44555918e+13  2.57e+02 1.38e+00  5.59e+07    68s
  37   7.27890509e+13 -4.30164759e+13  2.37e+02 1.28e+00  4.92e+07    69s
  38   6.40854182e+13 -4.14212770e+13  1.98e+02 1.26e+00  4.48e+07    71s
  39   6.12884817e+13 -3.73044936e+13  1.87e+02 1.20e+00  4.19e+07    72s
  40   5.66887198e+13 -3.16495833e+13  1.69e+02 1.10e+00  3.75e+07    74s
  41   5.28313273e+13 -2.75230567e+13  1.54e+02 1.03e+00  3.41e+07    76s
  42   4.62635898e+13 -2.23155966e+13  1.31e+02 8.89e-01  2.91e+07    77s
  43   3.83123923e+13 -1.62856238e+13  1.04e+02 7.48e-01  2.32e+07    79s
  44   3.08952768e+13 -1.07531852e+13  7.80e+01 6.54e-01  1.76e+07    80s
  45   2.47936928e+13 -5.28195571e+12  5.76e+01 4.89e-01  1.27e+07    82s
  46   2.04438567e+13 -3.63238999e+12  4.36e+01 4.22e-01  1.02e+07    84s
  47   1.60953048e+13 -1.54422651e+12  3.11e+01 3.86e-01  7.45e+06    85s
  48   1.26282502e+13  1.64038873e+11  2.14e+01 3.33e-01  5.26e+06    87s
  49   1.09472013e+13  9.38044778e+11  1.70e+01 2.95e-01  4.22e+06    88s
  50   9.72314881e+12  1.62313229e+12  1.40e+01 2.53e-01  3.41e+06    90s
  51   8.43570543e+12  2.09621864e+12  1.08e+01 2.19e-01  2.67e+06    91s
  52   7.20409314e+12  2.51982608e+12  7.82e+00 1.78e-01  1.97e+06    93s
  53   6.74208175e+12  2.70907862e+12  6.74e+00 1.55e-01  1.70e+06    95s
  54   5.91681110e+12  2.89330383e+12  4.88e+00 1.36e-01  1.27e+06    96s
  55   5.59653503e+12  3.04744357e+12  4.13e+00 1.17e-01  1.07e+06    98s
  56   5.28559545e+12  3.19390776e+12  3.40e+00 9.82e-02  8.80e+05    99s
  57   4.90603053e+12  3.39409239e+12  2.45e+00 7.18e-02  6.36e+05   101s
  58   4.62649602e+12  3.47456574e+12  1.80e+00 6.09e-02  4.84e+05   103s
  59   4.42940981e+12  3.55975320e+12  1.32e+00 4.93e-02  3.66e+05   104s
  60   4.25041591e+12  3.63853327e+12  9.09e-01 3.79e-02  2.57e+05   106s
  61   4.17152028e+12  3.65427584e+12  7.45e-01 3.54e-02  2.17e+05   107s
  62   4.11737370e+12  3.68813697e+12  6.22e-01 2.97e-02  1.80e+05   109s
  63   4.03985873e+12  3.72677005e+12  4.55e-01 2.03e-02  1.32e+05   110s
  64   3.99592713e+12  3.74080483e+12  3.63e-01 1.69e-02  1.07e+05   112s
  65   3.94395512e+12  3.76592856e+12  2.56e-01 1.09e-02  7.48e+04   114s
  66   3.91873571e+12  3.77283320e+12  2.06e-01 9.34e-03  6.13e+04   116s
  67   3.89523772e+12  3.78592325e+12  1.58e-01 6.25e-03  4.59e+04   118s
  68   3.88103314e+12  3.79200435e+12  1.30e-01 4.83e-03  3.74e+04   119s
  69   3.86439115e+12  3.79652295e+12  9.66e-02 3.77e-03  2.85e+04   121s
  70   3.85437881e+12  3.79919881e+12  7.72e-02 3.17e-03  2.32e+04   123s
  71   3.84636493e+12  3.80251345e+12  6.17e-02 2.42e-03  1.84e+04   125s
  72   3.84089268e+12  3.80469355e+12  5.14e-02 1.94e-03  1.52e+04   127s
  73   3.83521835e+12  3.80734574e+12  4.05e-02 1.35e-03  1.17e+04   129s
  74   3.83072273e+12  3.81001963e+12  3.17e-02 7.68e-04  8.68e+03   131s
  75   3.82705582e+12  3.81072500e+12  2.45e-02 6.08e-04  6.85e+03   133s
  76   3.82493017e+12  3.81216498e+12  2.03e-02 3.26e-04  5.35e+03   135s
  77   3.82261384e+12  3.81270053e+12  1.56e-02 2.25e-04  4.15e+03   137s
  78   3.82066934e+12  3.81300839e+12  1.20e-02 1.68e-04  3.21e+03   139s
  79   3.81940026e+12  3.81324145e+12  9.71e-03 1.31e-04  2.58e+03   141s
  80   3.81803481e+12  3.81338350e+12  7.02e-03 1.11e-04  1.95e+03   143s
  81   3.81727792e+12  3.81360827e+12  5.40e-03 8.93e-05  1.54e+03   145s

Barrier solved model in 81 iterations and 144.52 seconds (226.97 work units)
Optimal objective 3.81727792e+12


User-callback calls 13060, time in user-callback 0.02 sec

Gurobi 13.0.2 (win64) logging started Thu Jun 25 15:52:25 2026

Set parameter LogFile to value "c:\Users\Liyun\MACRO_NZC\NZC_Workshop_All Sector_12day_MultiPeriods_WIP\case\gurobi.log"

Gurobi 13.0.2 (win64) logging started Thu Jun 25 15:52:55 2026

Set parameter LogFile to value "c:\Users\Liyun\MACRO_NZC\NZC_Workshop_All Sector_12day_MultiPeriods_WIP\case\gurobi.log"
Gurobi Optimizer version 13.0.2 build v13.0.2rc1 (win64 - Windows 11+.0 (26200.2))

CPU model: Intel(R) Core(TM) Ultra 9 288V, instruction set [SSE2|AVX|AVX2]
Thread count: 8 physical cores, 8 logical processors, using up to 8 threads

Non-default parameters:
Method  2
BarConvTol  0.001
Crossover  0
NumericFocus  1
Threads  8

Academic license 2760258 - for non-commercial use only - registered to hl___@princeton.edu
Optimize a model with 5294032 rows, 4118441 columns and 15969191 nonzeros (Min)
Model fingerprint: 0xc8131e19
Model has 1870654 linear objective coefficients
Coefficient statistics:
  Matrix range     [1e-03, 1e+06]
  Objective range  [1e-05, 4e+08]
  Bounds range     [1e+00, 1e+00]
  RHS range        [1e-07, 1e+06]

Presolve removed 3953036 rows and 2898196 columns (presolve time = 5s)...
Presolve removed 4015802 rows and 2938466 columns
Presolve time: 8.31s
Presolved: 1278230 rows, 1179975 columns, 6652261 nonzeros
Elapsed ordering time = 6s
Ordering time: 14.55s

Barrier statistics:
 Dense cols : 1034
 Free vars  : 168
 AA' NZ     : 2.958e+07
 Factor NZ  : 1.156e+08 (roughly 2.0 GB of memory)
 Factor Ops : 1.031e+11 (roughly 1 second per iteration)
 Threads    : 8

                  Objective                Residual
Iter       Primal          Dual         Primal    Dual     Compl     Time
   0   5.81946086e+19 -1.39537379e+16  6.23e+11 7.73e+04  2.37e+16    26s
   1   5.44667855e+19  2.66185470e+16  5.73e+11 1.43e+07  1.96e+16    27s
   2   4.64298400e+19  8.12995505e+16  4.43e+11 1.34e+07  1.55e+16    28s
   3   3.97274107e+19  2.21583831e+16  2.89e+11 1.02e+07  1.13e+16    29s
   4   2.58376659e+20 -6.57865354e+16  2.21e+11 3.22e+06  5.53e+15    30s
   5   3.70102623e+20 -1.02819134e+17  5.08e+10 7.77e+05  1.43e+15    31s
   6   2.39318436e+20 -1.23793586e+17  1.20e+10 1.13e+05  3.36e+14    33s
   7   4.80357931e+19 -1.25189375e+17  8.35e+08 2.22e+04  4.50e+13    34s
   8   8.81112337e+18 -1.16456935e+17  1.00e+08 3.08e+03  6.66e+12    35s
   9   1.65592540e+18 -9.11652661e+16  1.33e+07 7.67e+02  1.24e+12    36s
  10   1.27144714e+18 -7.77712857e+16  9.65e+06 6.31e+02  9.12e+11    37s
  11   7.05817712e+17 -5.88769480e+16  4.67e+06 3.34e+02  4.79e+11    38s
  12   4.93305624e+17 -4.26344082e+16  3.04e+06 1.54e+02  3.06e+11    39s
  13   3.21035301e+17 -3.52748861e+16  1.87e+06 9.48e+01  1.96e+11    40s
  14   1.96567141e+17 -2.42184812e+16  1.07e+06 3.97e+01  1.14e+11    41s
  15   1.49918746e+17 -1.63949886e+16  8.00e+05 3.13e+01  8.13e+10    42s
  16   1.35096941e+17 -1.59127886e+16  7.19e+05 3.05e+01  7.36e+10    43s
  17   5.90787702e+16 -1.05528026e+16  3.00e+05 2.20e+01  3.26e+10    44s
  18   3.26602183e+16 -6.56166427e+15  1.64e+05 1.29e+01  1.79e+10    46s
  19   2.57009453e+16 -6.37078560e+15  1.30e+05 1.25e+01  1.46e+10    47s
  20   1.04137649e+16 -4.73142063e+15  5.87e+04 9.38e+00  6.80e+09    48s
  21   6.67070809e+15 -3.53195218e+15  4.01e+04 6.39e+00  4.53e+09    49s
  22   4.36616329e+15 -2.74193319e+15  2.44e+04 6.13e+00  3.12e+09    50s
  23   3.16110537e+15 -2.22510144e+15  1.78e+04 7.04e+00  2.35e+09    51s
  24   2.17393272e+15 -1.79000973e+15  1.21e+04 5.78e+00  1.72e+09    52s
  25   1.75436222e+15 -1.33091775e+15  9.79e+03 5.23e+00  1.33e+09    54s
  26   1.27705741e+15 -1.04440758e+15  7.23e+03 4.46e+00  1.00e+09    55s
  27   9.98265493e+14 -8.68636027e+14  5.68e+03 3.91e+00  8.02e+08    56s
  28   7.28945454e+14 -5.23642544e+14  4.03e+03 2.89e+00  5.36e+08    58s
  29   4.99565971e+14 -4.00816133e+14  2.73e+03 2.46e+00  3.85e+08    59s
  30   2.74500142e+14 -2.48653712e+14  1.41e+03 2.13e+00  2.23e+08    61s
  31   2.22168541e+14 -8.91622326e+13  1.11e+03 2.62e+00  1.32e+08    62s
  32   1.54122186e+14 -8.61017023e+13  7.43e+02 2.63e+00  1.02e+08    63s
  33   8.98600497e+13 -5.84465059e+13  3.93e+02 2.44e+00  6.30e+07    65s
  34   8.54214007e+13 -5.21533390e+13  3.69e+02 2.31e+00  5.84e+07    66s
  35   7.38214159e+13 -3.67634840e+13  3.08e+02 1.84e+00  4.69e+07    67s
  36   6.42110261e+13 -3.31344582e+13  2.62e+02 1.72e+00  4.13e+07    68s
  37   6.32451321e+13 -3.09258534e+13  2.57e+02 1.64e+00  3.99e+07    69s
  38   5.04576604e+13 -2.59232475e+13  1.92e+02 1.46e+00  3.24e+07    71s
  39   4.46484228e+13 -2.33798353e+13  1.63e+02 1.35e+00  2.88e+07    72s
  40   4.03088866e+13 -1.92020849e+13  1.42e+02 1.17e+00  2.52e+07    73s
  41   3.83297709e+13 -1.80355342e+13  1.33e+02 1.11e+00  2.39e+07    75s
  42   3.74770341e+13 -1.75587279e+13  1.29e+02 1.08e+00  2.33e+07    76s
  43   3.53886411e+13 -1.38110414e+13  1.20e+02 9.39e-01  2.08e+07    78s
  44   3.42301314e+13 -1.16217821e+13  1.15e+02 8.81e-01  1.94e+07    79s
  45   3.10486823e+13 -9.77126769e+12  1.01e+02 8.19e-01  1.73e+07    80s
  46   2.70393897e+13 -8.66978216e+12  8.58e+01 7.55e-01  1.51e+07    82s
  47   2.37249898e+13 -7.53669892e+12  7.37e+01 6.92e-01  1.32e+07    83s
  48   2.02890372e+13 -5.57550890e+12  6.12e+01 6.07e-01  1.09e+07    85s
  49   1.79726328e+13 -3.53381322e+12  5.28e+01 4.98e-01  9.09e+06    86s
  50   1.51128313e+13 -2.59005200e+12  4.26e+01 4.84e-01  7.48e+06    88s
  51   1.18345014e+13 -1.77482762e+12  3.03e+01 4.30e-01  5.75e+06    89s
  52   9.36566197e+12 -4.31563010e+11  2.15e+01 3.43e-01  4.14e+06    90s
  53   7.51674230e+12  4.78510514e+11  1.52e+01 2.62e-01  2.97e+06    92s
  54   6.26050271e+12  8.22432534e+11  1.13e+01 2.34e-01  2.30e+06    93s
  55   5.32604650e+12  1.20263924e+12  8.39e+00 1.97e-01  1.74e+06    95s
  56   4.41208730e+12  1.55564754e+12  5.79e+00 1.59e-01  1.20e+06    96s
  57   3.96775930e+12  1.74443373e+12  4.47e+00 1.33e-01  9.37e+05    98s
  58   3.51557128e+12  1.88506414e+12  3.20e+00 1.09e-01  6.87e+05    99s
  59   3.22402088e+12  1.98843045e+12  2.39e+00 8.96e-02  5.20e+05   101s
  60   3.02596776e+12  2.05496280e+12  1.86e+00 6.83e-02  4.09e+05   102s
  61   2.88068723e+12  2.11838303e+12  1.47e+00 4.97e-02  3.21e+05   104s
  62   2.77268561e+12  2.15370645e+12  1.19e+00 4.05e-02  2.61e+05   105s
  63   2.68237731e+12  2.19357711e+12  9.28e-01 3.02e-02  2.06e+05   107s
  64   2.58838171e+12  2.23210573e+12  6.74e-01 2.08e-02  1.50e+05   109s
  65   2.49888134e+12  2.25773063e+12  4.46e-01 1.48e-02  1.01e+05   110s
  66   2.46203541e+12  2.27075192e+12  3.50e-01 1.17e-02  8.05e+04   112s
  67   2.42498190e+12  2.28400583e+12  2.54e-01 8.40e-03  5.93e+04   114s
  68   2.39621647e+12  2.28977821e+12  1.81e-01 6.95e-03  4.48e+04   115s
  69   2.37886910e+12  2.30155593e+12  1.36e-01 4.27e-03  3.25e+04   117s
  70   2.36908742e+12  2.30671754e+12  1.12e-01 3.13e-03  2.62e+04   118s
  71   2.35754803e+12  2.30980863e+12  8.42e-02 2.44e-03  2.01e+04   120s
  72   2.34931914e+12  2.31257200e+12  6.44e-02 1.86e-03  1.54e+04   122s
  73   2.34367581e+12  2.31428876e+12  5.04e-02 1.51e-03  1.24e+04   123s
  74   2.33887413e+12  2.31640353e+12  3.81e-02 1.08e-03  9.44e+03   125s
  75   2.33510882e+12  2.31776109e+12  2.85e-02 8.01e-04  7.28e+03   127s
  76   2.33272453e+12  2.31921873e+12  2.25e-02 5.11e-04  5.66e+03   129s
  77   2.33036476e+12  2.32020570e+12  1.74e-02 3.18e-04  4.25e+03   130s
  78   2.32830529e+12  2.32054433e+12  1.30e-02 2.56e-04  3.25e+03   132s
  79   2.32673865e+12  2.32097504e+12  9.56e-03 1.82e-04  2.41e+03   134s
  80   2.32553007e+12  2.32126325e+12  6.78e-03 1.33e-04  1.78e+03   136s
  81   2.32493633e+12  2.32150123e+12  5.39e-03 9.75e-05  1.43e+03   138s
  82   2.32443664e+12  2.32168211e+12  4.16e-03 7.65e-05  1.14e+03   140s
  83   2.32414194e+12  2.32193973e+12  3.36e-03 5.83e-05  9.12e+02   142s

Barrier solved model in 83 iterations and 141.72 seconds (219.35 work units)
Optimal objective 2.32414194e+12


User-callback calls 8046, time in user-callback 0.02 sec

Gurobi 13.0.2 (win64) logging started Thu Jun 25 15:56:31 2026

Set parameter LogFile to value "c:\Users\Liyun\MACRO_NZC\NZC_Workshop_All Sector_12day_MultiPeriods_WIP\case\gurobi.log"

Gurobi 13.0.2 (win64) logging started Thu Jun 25 15:57:05 2026

Set parameter LogFile to value "c:\Users\Liyun\MACRO_NZC\NZC_Workshop_All Sector_12day_MultiPeriods_WIP\case\gurobi.log"
Gurobi Optimizer version 13.0.2 build v13.0.2rc1 (win64 - Windows 11+.0 (26200.2))

CPU model: Intel(R) Core(TM) Ultra 9 288V, instruction set [SSE2|AVX|AVX2]
Thread count: 8 physical cores, 8 logical processors, using up to 8 threads

Non-default parameters:
Method  2
BarConvTol  0.001
Crossover  0
NumericFocus  1
Threads  8

Academic license 2760258 - for non-commercial use only - registered to hl___@princeton.edu
Optimize a model with 5294548 rows, 4118492 columns and 15969724 nonzeros (Min)
Model fingerprint: 0x840a7054
Model has 1870654 linear objective coefficients
Coefficient statistics:
  Matrix range     [1e-03, 1e+06]
  Objective range  [9e-06, 3e+08]
  Bounds range     [1e+00, 1e+00]
  RHS range        [2e-05, 1e+06]

Presolve removed 3952821 rows and 2898270 columns (presolve time = 5s)...
Presolve removed 4015107 rows and 2938530 columns
Presolve time: 7.70s
Presolved: 1279441 rows, 1179962 columns, 6650929 nonzeros
Ordering time: 11.10s

Barrier statistics:
 Dense cols : 1034
 Free vars  : 168
 AA' NZ     : 2.969e+07
 Factor NZ  : 1.168e+08 (roughly 2.0 GB of memory)
 Factor Ops : 1.038e+11 (less than 1 second per iteration)
 Threads    : 8

                  Objective                Residual
Iter       Primal          Dual         Primal    Dual     Compl     Time
   0   8.76442724e+18 -8.78517205e+15  1.60e+11 4.82e+04  3.45e+15    22s
   1   8.19915457e+18 -7.00080913e+15  1.47e+11 9.13e+06  2.85e+15    23s
   2   6.95372748e+18 -8.63977544e+15  1.14e+11 8.65e+06  2.30e+15    24s
   3   5.95211137e+18 -1.67001233e+16  7.48e+10 6.22e+06  1.61e+15    25s
   4   2.29042578e+19 -1.69982600e+16  3.78e+10 2.07e+06  6.54e+14    26s
   5   4.27702433e+19  5.93675057e+16  9.59e+09 4.76e+05  1.75e+14    27s
   6   2.58475648e+19 -6.41961235e+16  2.12e+09 6.88e+04  3.75e+13    29s
   7   6.77957537e+18 -7.62766000e+16  3.29e+08 1.38e+04  7.19e+12    30s
   8   2.28678620e+18 -6.88502407e+16  8.99e+07 2.84e+03  1.98e+12    31s
   9   4.12660954e+17 -5.13876786e+16  1.26e+07 3.61e+02  3.13e+11    32s
  10   1.48851260e+17 -4.76709101e+16  3.74e+06 2.93e+02  1.28e+11    33s
  11   1.21216683e+17 -2.65465929e+16  2.94e+06 1.04e+02  8.61e+10    34s
  12   1.01025514e+17 -2.34920224e+16  2.43e+06 8.48e+01  7.12e+10    36s
  13   8.55313898e+16 -1.54063979e+16  2.02e+06 4.03e+01  5.53e+10    37s
  14   4.35561213e+16 -8.99238643e+15  9.86e+05 1.49e+01  2.73e+10    38s
  15   3.24841966e+16 -8.10067284e+15  7.31e+05 1.28e+01  2.08e+10    39s
  16   9.24539137e+15 -4.20428218e+15  1.90e+05 4.22e+00  6.47e+09    41s
  17   3.18094973e+15 -2.24696526e+15  6.15e+04 3.22e+00  2.51e+09    42s
  18   1.59035756e+15 -1.54359280e+15  3.51e+04 2.05e+00  1.43e+09    43s
  19   1.37242580e+15 -1.43769014e+15  3.13e+04 2.57e+00  1.28e+09    44s
  20   1.20080110e+15 -1.25309203e+15  2.71e+04 3.00e+00  1.11e+09    45s
  21   1.06098099e+15 -1.18942216e+15  2.36e+04 3.37e+00  1.01e+09    46s
  22   9.50517242e+14 -1.00207766e+15  2.09e+04 4.37e+00  8.72e+08    47s
  23   8.07587857e+14 -8.09749964e+14  1.77e+04 3.45e+00  7.17e+08    49s
  24   6.59923544e+14 -5.42439714e+14  1.45e+04 2.93e+00  5.30e+08    50s
  25   5.08486654e+14 -4.59312590e+14  1.14e+04 2.78e+00  4.24e+08    52s
  26   4.19866874e+14 -3.84878716e+14  9.62e+03 2.40e+00  3.52e+08    53s
  27   3.65250247e+14 -3.14927639e+14  8.42e+03 2.04e+00  2.96e+08    55s
  28   2.72082230e+14 -2.58005194e+14  6.34e+03 1.76e+00  2.30e+08    56s
  29   1.78193449e+14 -1.82067697e+14  4.05e+03 1.65e+00  1.55e+08    58s
  30   1.63707976e+14 -1.56147372e+14  3.71e+03 1.57e+00  1.38e+08    59s
  31   1.27412095e+14 -1.22387113e+14  2.84e+03 1.46e+00  1.07e+08    60s
  32   7.30505256e+13 -7.93607691e+13  1.53e+03 1.37e+00  6.51e+07    62s
  33   5.25671428e+13 -4.69376330e+13  1.03e+03 1.24e+00  4.24e+07    63s
  34   4.40601503e+13 -4.27880433e+13  8.29e+02 1.22e+00  3.70e+07    65s
  35   3.45778351e+13 -3.19893500e+13  6.10e+02 1.16e+00  2.83e+07    66s
  36   2.83318066e+13 -2.32455737e+13  4.63e+02 1.05e+00  2.19e+07    67s
  37   2.37614407e+13 -1.37469998e+13  3.57e+02 8.27e-01  1.59e+07    69s
  38   2.22231566e+13 -1.24212648e+13  3.26e+02 8.00e-01  1.47e+07    70s
  39   2.01985308e+13 -1.16233262e+13  2.85e+02 7.69e-01  1.35e+07    71s
  40   1.65169634e+13 -9.49032910e+12  2.12e+02 6.72e-01  1.10e+07    73s
  41   1.51749670e+13 -6.77138090e+12  1.86e+02 5.72e-01  9.30e+06    74s
  42   1.50664982e+13 -6.15286604e+12  1.84e+02 5.66e-01  8.99e+06    76s
  43   1.40691962e+13 -5.50302504e+12  1.67e+02 5.69e-01  8.29e+06    77s
  44   1.39822184e+13 -5.16661039e+12  1.65e+02 5.71e-01  8.11e+06    79s
  45   1.36875125e+13 -4.71059136e+12  1.61e+02 5.76e-01  7.79e+06    80s
  46   1.25599043e+13 -4.10401091e+12  1.42e+02 5.69e-01  7.06e+06    81s
  47   1.18974419e+13 -3.40074874e+12  1.32e+02 5.66e-01  6.48e+06    83s
  48   1.13245248e+13 -3.20673966e+12  1.23e+02 5.54e-01  6.15e+06    84s
  49   1.04770608e+13 -2.87919428e+12  1.10e+02 5.28e-01  5.65e+06    85s
  50   9.87263561e+12 -2.47996947e+12  1.02e+02 4.86e-01  5.23e+06    87s
  51   9.27035753e+12 -1.91855409e+12  9.41e+01 4.17e-01  4.73e+06    88s
  52   8.00318229e+12 -1.46723238e+12  7.81e+01 3.42e-01  4.00e+06    90s
  53   7.23699174e+12 -9.86357637e+11  6.89e+01 3.25e-01  3.48e+06    91s
  54   6.52740235e+12 -6.62961980e+11  6.07e+01 3.14e-01  3.04e+06    93s
  55   5.63478680e+12 -2.47444529e+11  5.04e+01 2.80e-01  2.48e+06    94s
  56   4.63347253e+12 -1.05237467e+10  3.86e+01 2.26e-01  1.96e+06    96s
  57   4.07377822e+12  2.81407623e+11  3.18e+01 2.10e-01  1.60e+06    97s
  58   3.53285431e+12  4.55839810e+11  2.50e+01 1.93e-01  1.30e+06    98s
  59   3.05598036e+12  6.60111853e+11  1.88e+01 1.71e-01  1.01e+06   100s
  60   2.73807222e+12  8.96417525e+11  1.49e+01 1.36e-01  7.75e+05   101s
  61   2.40243646e+12  9.92201164e+11  1.07e+01 1.22e-01  5.94e+05   103s
  62   2.17762916e+12  1.10051940e+12  8.11e+00 1.01e-01  4.53e+05   104s
  63   2.04052180e+12  1.16694593e+12  6.54e+00 8.78e-02  3.67e+05   106s
  64   1.91918908e+12  1.22091908e+12  5.13e+00 7.55e-02  2.94e+05   107s
  65   1.82650389e+12  1.27454856e+12  4.08e+00 6.29e-02  2.32e+05   109s
  66   1.72577914e+12  1.32414220e+12  2.94e+00 4.51e-02  1.69e+05   110s
  67   1.68073443e+12  1.35565374e+12  2.45e+00 3.50e-02  1.37e+05   112s
  68   1.64299046e+12  1.36639348e+12  2.04e+00 3.13e-02  1.16e+05   114s
  69   1.60741347e+12  1.38560047e+12  1.63e+00 2.47e-02  9.31e+04   115s
  70   1.58502985e+12  1.39548533e+12  1.38e+00 2.13e-02  7.96e+04   117s
  71   1.57172746e+12  1.40529590e+12  1.23e+00 1.79e-02  6.99e+04   119s
  72   1.55055928e+12  1.41368938e+12  1.00e+00 1.48e-02  5.74e+04   120s
  73   1.52933046e+12  1.42107546e+12  7.76e-01 1.21e-02  4.54e+04   122s
  74   1.51709464e+12  1.42876475e+12  6.45e-01 9.33e-03  3.71e+04   123s
  75   1.50585488e+12  1.43611460e+12  5.23e-01 6.69e-03  2.92e+04   125s
  76   1.49574350e+12  1.44015134e+12  4.15e-01 5.32e-03  2.33e+04   127s
  77   1.48811950e+12  1.44389273e+12  3.39e-01 3.94e-03  1.85e+04   128s
  78   1.48195706e+12  1.44562365e+12  2.77e-01 3.21e-03  1.52e+04   130s
  79   1.47605972e+12  1.44749387e+12  2.15e-01 2.52e-03  1.20e+04   132s
  80   1.47099798e+12  1.44910772e+12  1.62e-01 1.92e-03  9.17e+03   133s
  81   1.46757252e+12  1.45065165e+12  1.27e-01 1.39e-03  7.08e+03   135s
  82   1.46480859e+12  1.45138804e+12  9.92e-02 1.10e-03  5.61e+03   137s
  83   1.46246788e+12  1.45211035e+12  7.44e-02 8.49e-04  4.33e+03   138s
  84   1.46052185e+12  1.45286384e+12  5.40e-02 5.81e-04  3.20e+03   140s
  85   1.45958101e+12  1.45331147e+12  4.45e-02 4.28e-04  2.61e+03   142s
  86   1.45840804e+12  1.45355583e+12  3.39e-02 3.39e-04  2.02e+03   144s
  87   1.45758316e+12  1.45384848e+12  2.61e-02 2.39e-04  1.55e+03   145s
  88   1.45701336e+12  1.45402808e+12  2.08e-02 1.80e-04  1.24e+03   147s
  89   1.45652957e+12  1.45417056e+12  1.63e-02 1.24e-04  9.73e+02   149s
  90   1.45616952e+12  1.45428666e+12  1.28e-02 9.79e-05  7.74e+02   150s
  91   1.45598628e+12  1.45443607e+12  1.03e-02 1.35e-04  6.34e+02   152s
  92   1.45576053e+12  1.45451431e+12  8.14e-03 1.11e-04  5.07e+02   154s

Barrier solved model in 92 iterations and 153.75 seconds (237.66 work units)
Optimal objective 1.45576053e+12


User-callback calls 8693, time in user-callback 0.02 sec

Gurobi 13.0.2 (mac64[arm]) logging started Thu Jun 25 16:56:28 2026

Set parameter LogFile to value "/Users/al3792/Documents_Local/NZC_June_2026/NZC_Workshop_Example_Systems_June_2026/NZC_Workshop_All Sector_12day_MultiPeriods_WIP/case/gurobi.log"

Gurobi 13.0.2 (mac64[arm]) logging started Thu Jun 25 16:57:19 2026

Set parameter LogFile to value "/Users/al3792/Documents_Local/NZC_June_2026/NZC_Workshop_Example_Systems_June_2026/NZC_Workshop_All Sector_12day_MultiPeriods_WIP/case/gurobi.log"
Gurobi Optimizer version 13.0.2 build v13.0.2rc1 (mac64[arm] - Darwin 25.5.0 25F80)

CPU model: Apple M4 Pro
Thread count: 14 physical cores, 14 logical processors, using up to 8 threads

Non-default parameters:
Method  2
BarConvTol  0.001
Crossover  0
NumericFocus  1
Threads  8

Optimize a model with 5293533 rows, 4118452 columns and 15968213 nonzeros (Min)
Model fingerprint: 0xa88f60aa
Model has 1870654 linear objective coefficients
Coefficient statistics:
  Matrix range     [1e-03, 1e+06]
  Objective range  [2e-05, 4e+08]
  Bounds range     [1e+00, 1e+00]
  RHS range        [3e-01, 1e+06]

Presolve removed 3988925 rows and 2939888 columns (presolve time = 5s)...
Presolve removed 3997826 rows and 2939892 columns
Presolve time: 5.71s
Presolved: 1295707 rows, 1178560 columns, 6678872 nonzeros
Elapsed ordering time = 5s
Ordering time: 14.19s

Barrier statistics:
 Dense cols : 1034
 Free vars  : 168
 AA' NZ     : 3.197e+07
 Factor NZ  : 1.243e+08 (roughly 2.0 GB of memory)
 Factor Ops : 1.006e+11 (less than 1 second per iteration)
 Threads    : 8

                  Objective                Residual
Iter       Primal          Dual         Primal    Dual     Compl     Time
   0   3.95916197e+17 -1.69928352e+16  4.13e+09 8.17e+04  1.78e+14    23s
   1   3.61383804e+17 -2.38991954e+16  3.58e+09 1.81e+07  1.37e+14    24s
   2   3.25341820e+17 -2.50029491e+16  2.98e+09 1.66e+07  1.25e+14    24s
   3   2.97300043e+17 -3.38619810e+17  2.39e+09 9.61e+06  1.14e+14    25s
   4   9.31396169e+17 -3.45674866e+17  1.15e+09 6.58e+06  6.22e+13    26s
   5   2.00553501e+18 -3.74723288e+17  2.97e+08 1.29e+06  1.52e+13    27s
   6   1.52637644e+18 -3.51525859e+17  6.99e+07 3.52e+05  4.20e+12    28s
   7   5.63683142e+17 -2.64379873e+17  8.67e+06 5.78e+04  7.92e+11    29s
   8   3.64616970e+17 -1.44968216e+17  5.31e+06 2.08e+04  3.90e+11    30s
   9   3.35133943e+17 -1.42730841e+17  4.79e+06 2.05e+04  3.66e+11    30s
  10   8.34837596e+16 -8.34195220e+16  1.09e+06 8.86e+03  1.17e+11    31s
  11   6.02598065e+16 -3.51471468e+16  7.64e+05 2.87e+03  5.80e+10    32s
  12   4.08022733e+16 -2.77980280e+16  5.19e+05 2.09e+03  4.06e+10    33s
  13   5.52354079e+15 -1.44609808e+16  7.72e+04 6.36e+02  1.06e+10    34s
  14   6.93430968e+15 -1.22881762e+16  7.46e+04 5.05e+02  9.87e+09    34s
  15   4.61083187e+15 -9.16919163e+15  4.38e+04 3.41e+02  6.76e+09    35s
  16   3.88585879e+15 -5.33622497e+15  3.03e+04 1.69e+02  4.30e+09    36s
  17   2.30260044e+15 -4.34972095e+15  1.84e+04 1.35e+02  3.05e+09    37s
  18   1.91483685e+15 -2.76931141e+15  1.50e+04 8.15e+01  2.11e+09    37s
  19   1.31105969e+15 -2.16886868e+15  1.01e+04 6.20e+01  1.55e+09    38s
  20   9.66666254e+14 -1.48172572e+15  7.33e+03 4.10e+01  1.08e+09    39s
  21   7.06389922e+14 -1.02170150e+15  5.21e+03 2.78e+01  7.53e+08    40s
  22   3.44160184e+14 -6.88353342e+14  2.13e+03 1.82e+01  4.44e+08    41s
  23   2.02028759e+14 -4.48796908e+14  1.05e+03 1.17e+01  2.78e+08    42s
  24   1.50230694e+14 -2.54125072e+14  7.01e+02 6.41e+00  1.72e+08    43s
  25   1.07669477e+14 -1.82824937e+14  4.25e+02 4.83e+00  1.23e+08    43s
  26   8.37334226e+13 -1.60844274e+14  2.83e+02 4.34e+00  1.04e+08    44s
  27   6.61845889e+13 -8.69559130e+13  1.92e+02 2.54e+00  6.49e+07    45s
  28   5.07095255e+13 -7.81417025e+13  1.27e+02 2.31e+00  5.47e+07    45s
  29   4.28700282e+13 -5.90477242e+13  9.22e+01 1.81e+00  4.32e+07    46s
  30   3.60959917e+13 -3.22011931e+13  7.06e+01 1.05e+00  2.89e+07    47s
  31   3.07114163e+13 -2.67915700e+13  5.62e+01 8.92e-01  2.43e+07    48s
  32   2.85017776e+13 -2.17386145e+13  5.06e+01 7.37e-01  2.12e+07    49s
  33   2.49444765e+13 -1.60010067e+13  4.25e+01 5.58e-01  1.73e+07    50s
  34   2.19704075e+13 -1.28455832e+13  3.59e+01 4.95e-01  1.47e+07    51s
  35   1.92760358e+13 -9.22428779e+12  3.00e+01 3.85e-01  1.20e+07    52s
  36   1.50580581e+13 -5.57595679e+12  2.10e+01 3.05e-01  8.70e+06    53s
  37   1.23941275e+13 -3.20821850e+12  1.59e+01 2.97e-01  6.57e+06    54s
  38   1.02447619e+13 -1.98873108e+12  1.22e+01 2.79e-01  5.15e+06    55s
  39   8.66828257e+12 -1.08196492e+12  9.43e+00 2.52e-01  4.10e+06    56s
  40   7.62466739e+12 -2.89860321e+11  7.70e+00 2.25e-01  3.33e+06    57s
  41   6.29472706e+12  4.28232101e+11  5.54e+00 1.93e-01  2.47e+06    58s
  42   5.47398097e+12  9.95063167e+11  4.28e+00 1.61e-01  1.88e+06    60s
  43   4.87497715e+12  1.39631879e+12  3.37e+00 1.31e-01  1.46e+06    61s
  44   4.29639065e+12  1.61410452e+12  2.54e+00 1.15e-01  1.13e+06    62s
  45   3.86522553e+12  1.83112301e+12  1.94e+00 9.79e-02  8.53e+05    63s
  46   3.61745920e+12  1.96641319e+12  1.59e+00 8.43e-02  6.92e+05    64s
  47   3.40967995e+12  2.05984231e+12  1.30e+00 7.35e-02  5.66e+05    65s
  48   3.21386481e+12  2.12589966e+12  1.02e+00 6.46e-02  4.56e+05    66s
  49   3.05427562e+12  2.21082550e+12  7.90e-01 5.40e-02  3.53e+05    67s
  50   2.95436662e+12  2.27230643e+12  6.42e-01 4.51e-02  2.86e+05    68s
  51   2.82651513e+12  2.32179519e+12  4.71e-01 3.70e-02  2.11e+05    69s
  52   2.72627589e+12  2.35766416e+12  3.32e-01 2.95e-02  1.54e+05    70s
  53   2.67332851e+12  2.38728001e+12  2.59e-01 2.38e-02  1.20e+05    70s
  54   2.62639310e+12  2.40787884e+12  1.94e-01 1.96e-02  9.15e+04    71s
  55   2.59165097e+12  2.42264641e+12  1.50e-01 1.59e-02  7.08e+04    72s
  56   2.56052412e+12  2.43255333e+12  1.11e-01 1.31e-02  5.36e+04    73s
  57   2.54034521e+12  2.44296570e+12  8.64e-02 9.88e-03  4.08e+04    74s
  58   2.52769116e+12  2.44908290e+12  7.06e-02 7.72e-03  3.29e+04    75s
  59   2.51615894e+12  2.45527631e+12  5.59e-02 5.51e-03  2.55e+04    76s
  60   2.50297453e+12  2.45815158e+12  4.01e-02 4.31e-03  1.88e+04    77s
  61   2.49502537e+12  2.46055738e+12  3.05e-02 3.19e-03  1.44e+04    79s
  62   2.48877872e+12  2.46298089e+12  2.28e-02 2.04e-03  1.08e+04    80s
  63   2.48384995e+12  2.46453477e+12  1.71e-02 1.42e-03  8.07e+03    81s
  64   2.48125638e+12  2.46513056e+12  1.42e-02 1.18e-03  6.74e+03    82s
  65   2.47781256e+12  2.46573653e+12  1.04e-02 9.30e-04  5.05e+03    83s
  66   2.47499043e+12  2.46629694e+12  7.28e-03 6.95e-04  3.64e+03    85s
  67   2.47370616e+12  2.46659231e+12  5.86e-03 5.81e-04  2.98e+03    87s
  68   2.47238199e+12  2.46698785e+12  4.38e-03 4.26e-04  2.26e+03    88s
  69   2.47130018e+12  2.46718207e+12  3.24e-03 3.51e-04  1.72e+03    90s
  70   2.47051454e+12  2.46735208e+12  2.42e-03 2.88e-04  1.32e+03    92s
  71   2.46987647e+12  2.46760355e+12  1.75e-03 1.91e-04  9.51e+02    93s

Barrier solved model in 71 iterations and 93.34 seconds (251.63 work units)
Optimal objective 2.46987647e+12


User-callback calls 16241, time in user-callback 0.02 sec

Gurobi 13.0.2 (mac64[arm]) logging started Thu Jun 25 17:00:19 2026

Set parameter LogFile to value "/Users/al3792/Documents_Local/NZC_June_2026/NZC_Workshop_Example_Systems_June_2026/NZC_Workshop_All Sector_12day_MultiPeriods_WIP/case/gurobi.log"

Gurobi 13.0.2 (mac64[arm]) logging started Thu Jun 25 17:00:49 2026

Set parameter LogFile to value "/Users/al3792/Documents_Local/NZC_June_2026/NZC_Workshop_Example_Systems_June_2026/NZC_Workshop_All Sector_12day_MultiPeriods_WIP/case/gurobi.log"
Gurobi Optimizer version 13.0.2 build v13.0.2rc1 (mac64[arm] - Darwin 25.5.0 25F80)

CPU model: Apple M4 Pro
Thread count: 14 physical cores, 14 logical processors, using up to 8 threads

Non-default parameters:
Method  2
BarConvTol  0.001
Crossover  0
NumericFocus  1
Threads  8

Optimize a model with 5293951 rows, 4118452 columns and 15969047 nonzeros (Min)
Model fingerprint: 0xeb0edfce
Model has 1870654 linear objective coefficients
Coefficient statistics:
  Matrix range     [1e-03, 1e+06]
  Objective range  [2e-05, 6e+08]
  Bounds range     [1e+00, 1e+00]
  RHS range        [1e-03, 1e+06]

Presolve removed 4014545 rows and 2938494 columns (presolve time = 5s)...
Presolve removed 4014762 rows and 2938550 columns
Presolve time: 5.68s
Presolved: 1279189 rows, 1179903 columns, 6650386 nonzeros
Elapsed ordering time = 5s
Ordering time: 14.10s

Barrier statistics:
 Dense cols : 1034
 Free vars  : 168
 AA' NZ     : 2.964e+07
 Factor NZ  : 1.165e+08 (roughly 2.0 GB of memory)
 Factor Ops : 1.060e+11 (less than 1 second per iteration)
 Threads    : 8

                  Objective                Residual
Iter       Primal          Dual         Primal    Dual     Compl     Time
   0   1.26307767e+19 -2.27388305e+16  8.84e+10 9.95e+04  5.24e+15    22s
   1   1.13613310e+19 -3.55899712e+16  7.58e+10 2.44e+07  4.04e+15    23s
   2   1.01804889e+19 -3.86006228e+16  6.42e+10 2.30e+07  3.68e+15    24s
   3   8.68160474e+18 -1.26036750e+17  4.51e+10 1.42e+07  2.51e+15    25s
   4   4.53530574e+19 -2.16051145e+17  1.87e+10 5.02e+06  1.04e+15    26s
   5   7.10993590e+19 -2.78846511e+17  2.63e+09 7.39e+05  1.78e+14    27s
   6   2.59712309e+19 -2.83768532e+17  7.75e+07 7.28e+04  2.14e+13    28s
   7   5.91886529e+18 -1.99067948e+17  1.09e+07 1.17e+04  3.89e+12    29s
   8   4.14363954e+18 -1.22507183e+17  7.63e+06 2.26e+03  2.15e+12    30s
   9   2.51748361e+18 -1.08310233e+17  4.51e+06 1.70e+03  1.32e+12    30s
  10   1.71363101e+18 -1.02379629e+17  2.98e+06 1.56e+03  9.26e+11    31s
  11   1.04549082e+18 -5.70668694e+16  1.74e+06 2.95e+02  5.16e+11    32s
  12   4.86506885e+17 -3.14975815e+16  7.58e+05 3.76e+01  2.32e+11    33s
  13   2.38861857e+17 -2.63483764e+16  3.64e+05 2.70e+01  1.18e+11    33s
  14   5.25024919e+16 -1.94976265e+16  8.41e+04 1.88e+01  3.17e+10    34s
  15   2.43269306e+16 -1.49173786e+16  4.29e+04 1.27e+01  1.71e+10    35s
  16   2.17496526e+16 -1.26937357e+16  3.90e+04 9.82e+00  1.50e+10    36s
  17   1.89337216e+16 -1.11871421e+16  3.50e+04 7.93e+00  1.31e+10    36s
  18   6.64133339e+15 -9.26502475e+15  1.72e+04 5.97e+00  6.90e+09    37s
  19   5.09004123e+15 -5.48981334e+15  1.03e+04 3.73e+00  4.54e+09    38s
  20   4.50764909e+15 -5.12086458e+15  9.26e+03 3.51e+00  4.13e+09    39s
  21   3.11599799e+15 -4.35878471e+15  6.67e+03 5.79e+00  3.19e+09    40s
  22   2.85413745e+15 -4.06031086e+15  6.13e+03 5.90e+00  2.95e+09    41s
  23   2.43416145e+15 -3.10404313e+15  5.23e+03 5.90e+00  2.36e+09    41s
  24   1.97987967e+15 -2.86213134e+15  4.34e+03 5.64e+00  2.06e+09    42s
  25   1.55415653e+15 -2.37744867e+15  3.50e+03 4.63e+00  1.67e+09    43s
  26   1.33147711e+15 -1.86383008e+15  3.05e+03 3.72e+00  1.36e+09    44s
  27   1.04703073e+15 -1.28838101e+15  2.40e+03 2.91e+00  9.92e+08    45s
  28   8.61252969e+14 -8.87568340e+14  1.96e+03 2.31e+00  7.42e+08    46s
  29   7.10564910e+14 -7.47071891e+14  1.60e+03 2.21e+00  6.18e+08    47s
  30   3.06078717e+14 -5.46215497e+14  5.70e+02 2.02e+00  3.60e+08    48s
  31   2.37738337e+14 -3.79013755e+14  4.16e+02 1.57e+00  2.60e+08    49s
  32   1.80911738e+14 -2.76611627e+14  2.95e+02 1.51e+00  1.93e+08    50s
  33   1.35275624e+14 -1.44881446e+14  2.01e+02 2.39e+00  1.18e+08    51s
  34   1.05331617e+14 -8.38582705e+13  1.41e+02 2.40e+00  7.98e+07    52s
  35   9.29237301e+13 -7.41945801e+13  1.20e+02 2.27e+00  7.05e+07    53s
  36   7.33608408e+13 -4.72049406e+13  8.52e+01 1.70e+00  5.08e+07    54s
  37   5.92572704e+13 -3.66212970e+13  6.26e+01 1.42e+00  4.04e+07    54s
  38   5.00047904e+13 -2.56994351e+13  4.90e+01 1.04e+00  3.19e+07    55s
  39   4.01082763e+13 -2.04254903e+13  3.64e+01 9.27e-01  2.55e+07    56s
  40   3.33250962e+13 -1.56401860e+13  2.86e+01 7.32e-01  2.06e+07    57s
  41   2.80786919e+13 -1.05708793e+13  2.29e+01 5.84e-01  1.63e+07    58s
  42   2.38917249e+13 -9.28840292e+12  1.85e+01 5.69e-01  1.40e+07    59s
  43   2.06023029e+13 -5.17784132e+12  1.49e+01 4.92e-01  1.08e+07    60s
  44   1.67827354e+13 -2.70834412e+12  1.09e+01 3.88e-01  8.20e+06    61s
  45   1.27183540e+13 -5.50029020e+11  7.14e+00 3.11e-01  5.58e+06    62s
  46   9.57334822e+12  2.93033059e+11  4.41e+00 2.81e-01  3.90e+06    63s
  47   8.61546082e+12  1.28057276e+12  3.64e+00 2.33e-01  3.08e+06    64s
  48   8.00853052e+12  1.75331347e+12  3.16e+00 2.03e-01  2.63e+06    65s
  49   7.25189441e+12  2.18799611e+12  2.58e+00 1.70e-01  2.13e+06    66s
  50   6.34553664e+12  2.48692177e+12  1.92e+00 1.46e-01  1.62e+06    67s
  51   5.59912540e+12  2.71050382e+12  1.41e+00 1.09e-01  1.21e+06    68s
  52   5.12154259e+12  2.84653762e+12  1.08e+00 8.86e-02  9.56e+05    69s
  53   4.78849803e+12  3.03979619e+12  8.26e-01 6.17e-02  7.35e+05    70s
  54   4.53173385e+12  3.21949164e+12  6.40e-01 3.70e-02  5.51e+05    71s
  55   4.28722295e+12  3.29908508e+12  4.78e-01 2.78e-02  4.15e+05    72s
  56   4.07663250e+12  3.38217519e+12  3.29e-01 1.90e-02  2.92e+05    73s
  57   3.96951881e+12  3.44163433e+12  2.51e-01 1.28e-02  2.22e+05    74s
  58   3.86183511e+12  3.48728194e+12  1.80e-01 8.25e-03  1.57e+05    75s
  59   3.77984743e+12  3.50876888e+12  1.25e-01 6.18e-03  1.14e+05    77s
  60   3.73590187e+12  3.53070768e+12  9.67e-02 3.98e-03  8.61e+04    78s
  61   3.68408136e+12  3.54353237e+12  6.52e-02 2.74e-03  5.90e+04    79s
  62   3.65584005e+12  3.55225036e+12  4.81e-02 1.93e-03  4.35e+04    81s
  63   3.64046093e+12  3.55975972e+12  3.86e-02 1.24e-03  3.38e+04    83s
  64   3.62649242e+12  3.56331687e+12  3.03e-02 9.15e-04  2.65e+04    85s
  65   3.61479184e+12  3.56532528e+12  2.32e-02 7.32e-04  2.07e+04    87s
  66   3.60525453e+12  3.56833824e+12  1.74e-02 4.85e-04  1.55e+04    88s
  67   3.59810235e+12  3.57035016e+12  1.33e-02 3.23e-04  1.16e+04    90s
  68   3.59180743e+12  3.57136339e+12  9.58e-03 2.51e-04  8.57e+03    91s
  69   3.58809756e+12  3.57249221e+12  7.41e-03 1.73e-04  6.54e+03    93s
  70   3.58495722e+12  3.57328360e+12  5.57e-03 1.20e-04  4.89e+03    95s
  71   3.58311997e+12  3.57360381e+12  4.48e-03 1.01e-04  3.98e+03    96s
  72   3.58262465e+12  3.57377373e+12  4.20e-03 9.04e-05  3.70e+03    98s
  73   3.58202813e+12  3.57397395e+12  3.87e-03 7.84e-05  3.37e+03   100s
  74   3.58072002e+12  3.57421208e+12  3.10e-03 6.48e-05  2.72e+03   101s
  75   3.57974752e+12  3.57445537e+12  2.52e-03 5.14e-05  2.21e+03   103s
  76   3.57914641e+12  3.57458433e+12  2.17e-03 4.46e-05  1.91e+03   105s
  77   3.57870816e+12  3.57477539e+12  1.90e-03 3.45e-05  1.64e+03   107s
  78   3.57802601e+12  3.57490496e+12  1.48e-03 2.85e-05  1.30e+03   109s

Barrier solved model in 78 iterations and 108.89 seconds (301.33 work units)
Optimal objective 3.57802601e+12


User-callback calls 15393, time in user-callback 0.02 sec

Gurobi 13.0.2 (mac64[arm]) logging started Thu Jun 25 17:04:48 2026

Set parameter LogFile to value "/Users/al3792/Documents_Local/NZC_June_2026/NZC_Workshop_Example_Systems_June_2026/NZC_Workshop_All Sector_12day_MultiPeriods_WIP/case/gurobi.log"

Gurobi 13.0.2 (mac64[arm]) logging started Thu Jun 25 17:05:21 2026

Set parameter LogFile to value "/Users/al3792/Documents_Local/NZC_June_2026/NZC_Workshop_Example_Systems_June_2026/NZC_Workshop_All Sector_12day_MultiPeriods_WIP/case/gurobi.log"
Gurobi Optimizer version 13.0.2 build v13.0.2rc1 (mac64[arm] - Darwin 25.5.0 25F80)

CPU model: Apple M4 Pro
Thread count: 14 physical cores, 14 logical processors, using up to 8 threads

Non-default parameters:
Method  2
BarConvTol  0.001
Crossover  0
NumericFocus  1
Threads  8

Optimize a model with 5294107 rows, 4118515 columns and 15969339 nonzeros (Min)
Model fingerprint: 0x75f9d966
Model has 1870654 linear objective coefficients
Coefficient statistics:
  Matrix range     [1e-03, 1e+06]
  Objective range  [1e-05, 4e+08]
  Bounds range     [1e+00, 1e+00]
  RHS range        [1e-03, 1e+06]

Presolve removed 4015327 rows and 2938519 columns (presolve time = 5s)...
Presolve removed 4015328 rows and 2938519 columns
Presolve time: 5.61s
Presolved: 1278779 rows, 1179997 columns, 6653359 nonzeros
Elapsed ordering time = 5s
Ordering time: 13.97s

Barrier statistics:
 Dense cols : 1034
 Free vars  : 168
 AA' NZ     : 2.970e+07
 Factor NZ  : 1.292e+08 (roughly 2.0 GB of memory)
 Factor Ops : 1.208e+11 (less than 1 second per iteration)
 Threads    : 8

                  Objective                Residual
Iter       Primal          Dual         Primal    Dual     Compl     Time
   0   3.31293291e+18 -1.50254524e+16  3.94e+10 7.73e+04  1.35e+15    22s
   1   2.96362517e+18 -1.79860257e+16  3.35e+10 1.57e+07  1.04e+15    24s
   2   2.66075323e+18 -1.96148815e+16  2.84e+10 1.48e+07  9.43e+14    25s
   3   2.26710399e+18 -1.05711040e+17  1.93e+10 9.52e+06  6.75e+14    26s
   4   1.28412405e+19 -1.21830916e+17  9.22e+09 4.58e+06  3.33e+14    27s
   5   1.31567326e+19 -7.40839848e+16  7.94e+09 2.74e+06  2.38e+14    28s
   6   1.59218068e+19 -2.67259915e+16  4.05e+09 9.19e+05  1.02e+14    30s
   7   1.19682957e+19 -1.63924395e+17  7.53e+08 9.73e+04  1.97e+13    32s
   8   2.47530823e+18 -1.56196689e+17  8.00e+07 1.68e+04  2.82e+12    33s
   9   1.33659498e+18 -1.17511150e+17  4.04e+07 1.56e+03  1.16e+12    34s
  10   7.44798322e+17 -9.89176515e+16  2.07e+07 6.30e+02  6.19e+11    35s
  11   5.10351921e+17 -9.01104344e+16  1.34e+07 4.98e+02  4.24e+11    36s
  12   3.58376727e+17 -5.91279965e+16  9.01e+06 1.36e+02  2.74e+11    37s
  13   2.45505120e+17 -4.13963890e+16  5.94e+06 5.95e+01  1.80e+11    38s
  14   1.77819762e+17 -2.99378153e+16  4.18e+06 3.13e+01  1.26e+11    39s
  15   1.13762635e+17 -2.90912220e+16  2.68e+06 3.06e+01  8.50e+10    40s
  16   4.68288159e+16 -1.40483519e+16  9.64e+05 1.45e+01  3.33e+10    41s
  17   2.55924862e+16 -7.80536889e+15  5.41e+05 7.93e+00  1.79e+10    43s
  18   1.24588461e+16 -7.00543454e+15  2.81e+05 6.97e+00  1.01e+10    44s
  19   6.90525117e+15 -4.43614389e+15  1.63e+05 4.66e+00  5.77e+09    45s
  20   3.00272141e+15 -3.54120472e+15  8.60e+04 3.77e+00  3.24e+09    46s
  21   2.47246097e+15 -3.11289161e+15  7.55e+04 3.25e+00  2.75e+09    47s
  22   1.85517918e+15 -2.62046267e+15  5.72e+04 4.87e+00  2.16e+09    49s
  23   1.62339823e+15 -2.48000925e+15  5.07e+04 5.95e+00  1.96e+09    50s
  24   1.41344987e+15 -1.89609547e+15  4.38e+04 5.69e+00  1.57e+09    51s
  25   1.11140343e+15 -1.57597128e+15  3.47e+04 4.85e+00  1.26e+09    53s
  26   8.81874967e+14 -1.30846821e+15  2.79e+04 4.00e+00  1.02e+09    54s
  27   7.54598501e+14 -1.04367710e+15  2.44e+04 3.50e+00  8.32e+08    55s
  28   6.60355327e+14 -8.95123891e+14  2.19e+04 3.24e+00  7.18e+08    57s
  29   5.97396643e+14 -7.22756872e+14  1.99e+04 2.80e+00  6.08e+08    58s
  30   4.52634193e+14 -5.61882443e+14  1.54e+04 2.40e+00  4.63e+08    59s
  31   3.93106529e+14 -4.15003618e+14  1.33e+04 2.06e+00  3.68e+08    61s
  32   3.48437561e+14 -3.70793133e+14  1.18e+04 1.94e+00  3.27e+08    62s
  33   2.95412875e+14 -3.37555840e+14  9.94e+03 1.85e+00  2.86e+08    63s
  34   2.35498016e+14 -2.55012449e+14  7.75e+03 1.76e+00  2.21e+08    65s
  35   1.60090525e+14 -1.92246586e+14  4.94e+03 1.78e+00  1.57e+08    66s
  36   1.11283653e+14 -1.29653744e+14  3.25e+03 1.72e+00  1.06e+08    68s
  37   9.67084459e+13 -9.28731381e+13  2.74e+03 1.63e+00  8.38e+07    69s
  38   6.59787333e+13 -5.27376959e+13  1.71e+03 1.44e+00  5.23e+07    70s
  39   5.29833979e+13 -3.52984869e+13  1.28e+03 1.28e+00  3.88e+07    72s
  40   3.92037810e+13 -2.92229253e+13  8.33e+02 1.18e+00  2.98e+07    73s
  41   3.26117068e+13 -1.74465824e+13  6.37e+02 9.89e-01  2.18e+07    74s
  42   2.78875642e+13 -1.24585967e+13  5.13e+02 7.98e-01  1.75e+07    76s
  43   2.64730445e+13 -9.66506583e+12  4.80e+02 6.80e-01  1.57e+07    77s
  44   2.43182897e+13 -9.30029131e+12  4.32e+02 6.58e-01  1.46e+07    78s
  45   2.04049633e+13 -7.25501690e+12  3.47e+02 6.26e-01  1.20e+07    79s
  46   1.69886041e+13 -5.49056840e+12  2.79e+02 5.29e-01  9.73e+06    81s
  47   1.41427397e+13 -3.80943125e+12  2.25e+02 4.33e-01  7.76e+06    82s
  48   1.22077374e+13 -2.65234390e+12  1.87e+02 3.52e-01  6.41e+06    83s
  49   1.04171257e+13 -1.56707740e+12  1.53e+02 3.06e-01  5.17e+06    84s
  50   8.47499955e+12 -8.76618131e+11  1.13e+02 2.85e-01  4.02e+06    86s
  51   6.55402712e+12  1.60255348e+11  7.53e+01 2.37e-01  2.74e+06    87s
  52   5.46538088e+12  7.44024950e+11  5.56e+01 1.98e-01  2.02e+06    88s
  53   4.56003369e+12  1.01769408e+12  3.97e+01 1.74e-01  1.51e+06    89s
  54   4.18404379e+12  1.17377653e+12  3.37e+01 1.58e-01  1.28e+06    90s
  55   3.75739051e+12  1.41546613e+12  2.66e+01 1.30e-01  9.95e+05    91s
  56   3.41307722e+12  1.56224381e+12  2.12e+01 1.09e-01  7.85e+05    93s
  57   3.06283535e+12  1.64916818e+12  1.55e+01 9.47e-02  5.99e+05    94s
  58   2.86962917e+12  1.73117552e+12  1.23e+01 8.04e-02  4.81e+05    95s
  59   2.71654710e+12  1.83235016e+12  9.59e+00 5.76e-02  3.73e+05    96s
  60   2.56099416e+12  1.91022090e+12  7.06e+00 4.52e-02  2.74e+05    97s
  61   2.42206490e+12  1.94774813e+12  5.00e+00 3.93e-02  2.00e+05    99s
  62   2.35452378e+12  1.98415530e+12  3.92e+00 3.24e-02  1.56e+05   100s
  63   2.28517515e+12  2.01548522e+12  2.86e+00 2.60e-02  1.13e+05   101s
  64   2.23505782e+12  2.03730355e+12  2.09e+00 2.11e-02  8.30e+04   102s
  65   2.19289799e+12  2.04730210e+12  1.46e+00 1.83e-02  6.11e+04   104s
  66   2.16582194e+12  2.06020982e+12  1.05e+00 1.27e-02  4.43e+04   105s
  67   2.14994321e+12  2.07066387e+12  8.17e-01 8.28e-03  3.32e+04   106s
  68   2.13530229e+12  2.07762724e+12  6.05e-01 5.32e-03  2.41e+04   107s
  69   2.12403169e+12  2.08042063e+12  4.42e-01 3.93e-03  1.82e+04   109s
  70   2.11626049e+12  2.08346546e+12  3.33e-01 2.66e-03  1.37e+04   111s
  71   2.10994354e+12  2.08571126e+12  2.46e-01 1.71e-03  1.01e+04   112s
  72   2.10513365e+12  2.08771532e+12  1.81e-01 1.00e-03  7.24e+03   113s
  73   2.10168704e+12  2.08819046e+12  1.36e-01 8.33e-04  5.60e+03   115s
  74   2.09928397e+12  2.08895700e+12  1.02e-01 5.77e-04  4.27e+03   116s
  75   2.09737324e+12  2.08954314e+12  7.79e-02 3.73e-04  3.22e+03   117s
  76   2.09606958e+12  2.08999968e+12  6.17e-02 2.35e-04  2.48e+03   119s
  77   2.09489120e+12  2.09019927e+12  4.71e-02 1.76e-04  1.91e+03   120s
  78   2.09394941e+12  2.09041101e+12  3.53e-02 1.18e-04  1.42e+03   122s
  79   2.09327694e+12  2.09054854e+12  2.68e-02 9.65e-05  1.08e+03   123s
  80   2.09301434e+12  2.09071511e+12  2.30e-02 9.66e-05  9.05e+02   124s
  81   2.09266237e+12  2.09082933e+12  1.77e-02 9.67e-05  7.10e+02   126s

Barrier solved model in 81 iterations and 125.81 seconds (309.21 work units)
Optimal objective 2.09266237e+12


User-callback calls 19483, time in user-callback 0.03 sec

Gurobi 13.0.2 (mac64[arm]) logging started Thu Jun 25 17:09:49 2026

Set parameter LogFile to value "/Users/al3792/Documents_Local/NZC_June_2026/NZC_Workshop_Example_Systems_June_2026/NZC_Workshop_All Sector_12day_MultiPeriods_WIP/case/gurobi.log"

Gurobi 13.0.2 (mac64[arm]) logging started Thu Jun 25 17:10:30 2026

Set parameter LogFile to value "/Users/al3792/Documents_Local/NZC_June_2026/NZC_Workshop_Example_Systems_June_2026/NZC_Workshop_All Sector_12day_MultiPeriods_WIP/case/gurobi.log"
Gurobi Optimizer version 13.0.2 build v13.0.2rc1 (mac64[arm] - Darwin 25.5.0 25F80)

CPU model: Apple M4 Pro
Thread count: 14 physical cores, 14 logical processors, using up to 8 threads

Non-default parameters:
Method  2
BarConvTol  0.001
Crossover  0
NumericFocus  1
Threads  8

Optimize a model with 5294563 rows, 4118506 columns and 15969752 nonzeros (Min)
Model fingerprint: 0xadcc0ce6
Model has 1870654 linear objective coefficients
Coefficient statistics:
  Matrix range     [1e-03, 1e+06]
  Objective range  [9e-06, 3e+08]
  Bounds range     [1e+00, 1e+00]
  RHS range        [1e-03, 1e+06]

Presolve removed 4014833 rows and 2938542 columns (presolve time = 5s)...
Presolve removed 4014833 rows and 2938542 columns
Presolve time: 5.53s
Presolved: 1279730 rows, 1179964 columns, 6651507 nonzeros
Elapsed ordering time = 5s
Ordering time: 13.95s

Barrier statistics:
 Dense cols : 1034
 Free vars  : 168
 AA' NZ     : 2.973e+07
 Factor NZ  : 1.155e+08 (roughly 2.0 GB of memory)
 Factor Ops : 9.580e+10 (less than 1 second per iteration)
 Threads    : 8

                  Objective                Residual
Iter       Primal          Dual         Primal    Dual     Compl     Time
   0   2.54566892e+19 -9.41452329e+15  4.65e+11 4.82e+04  1.00e+16    22s
   1   2.28129915e+19  1.60642081e+16  3.97e+11 9.85e+06  7.72e+15    23s
   2   2.02363582e+19  2.13759447e+16  3.34e+11 8.57e+06  6.95e+15    24s
   3   1.81805650e+19  2.67752950e+16  2.45e+11 5.18e+06  4.71e+15    25s
   4   1.03008127e+20  1.27257675e+17  1.20e+11 2.62e+06  2.35e+15    26s
   5   1.05059805e+20  6.59346002e+17  1.02e+11 6.21e+05  1.03e+15    27s
   6   9.81013418e+19  2.43887915e+17  2.72e+10 1.83e+05  3.11e+14    29s
   7   4.92773682e+19 -4.26347382e+16  6.49e+09 4.22e+04  8.17e+13    30s
   8   1.41823209e+19 -7.07618878e+16  1.06e+09 8.90e+03  1.68e+13    31s
   9   3.97230585e+18 -7.07772876e+16  2.36e+08 1.86e+03  3.93e+12    32s
  10   7.60351052e+17 -5.89677241e+16  3.26e+07 2.18e+02  6.18e+11    32s
  11   6.39243384e+17 -4.60890061e+16  2.66e+07 6.72e+01  4.72e+11    33s
  12   3.89289960e+17 -3.07264396e+16  1.51e+07 6.44e+01  2.61e+11    34s
  13   1.89310973e+17 -2.11441801e+16  6.68e+06 5.56e+01  1.22e+11    35s
  14   1.03309086e+17 -1.23588987e+16  3.38e+06 3.49e+01  6.43e+10    37s
  15   8.17086887e+16 -1.19612023e+16  2.63e+06 3.47e+01  5.16e+10    38s
  16   4.29757230e+16 -6.93444518e+15  1.30e+06 2.65e+01  2.65e+10    39s
  17   3.14294085e+16 -3.99355074e+15  9.48e+05 1.83e+01  1.85e+10    40s
  18   1.38939670e+16 -2.97140545e+15  4.32e+05 1.49e+01  8.66e+09    41s
  19   5.79813896e+15 -2.06751582e+15  1.84e+05 1.08e+01  3.93e+09    42s
  20   2.77895853e+15 -1.49072217e+15  9.47e+04 7.60e+00  2.10e+09    42s
  21   1.67777210e+15 -1.27845442e+15  6.22e+04 7.32e+00  1.43e+09    43s
  22   1.31071372e+15 -1.15369359e+15  5.09e+04 8.40e+00  1.19e+09    44s
  23   1.05449674e+15 -9.22139556e+14  4.09e+04 7.82e+00  9.39e+08    45s
  24   8.48905199e+14 -7.55121660e+14  3.31e+04 6.60e+00  7.53e+08    47s
  25   6.82038996e+14 -5.60672121e+14  2.67e+04 4.94e+00  5.77e+08    48s
  26   5.25662354e+14 -4.46388457e+14  2.08e+04 4.25e+00  4.47e+08    49s
  27   4.14985301e+14 -3.30759896e+14  1.67e+04 3.25e+00  3.40e+08    50s
  28   3.28269914e+14 -2.98172548e+14  1.35e+04 2.91e+00  2.84e+08    51s
  29   2.90055456e+14 -2.76319213e+14  1.21e+04 2.70e+00  2.56e+08    52s
  30   2.46711027e+14 -2.41793604e+14  1.05e+04 2.38e+00  2.20e+08    53s
  31   2.07636206e+14 -2.10931611e+14  8.84e+03 2.14e+00  1.87e+08    54s
  32   1.63810448e+14 -1.60595273e+14  6.89e+03 1.74e+00  1.44e+08    56s
  33   1.39491126e+14 -1.29441701e+14  5.85e+03 1.48e+00  1.19e+08    57s
  34   1.30260687e+14 -1.14797570e+14  5.46e+03 1.44e+00  1.08e+08    58s
  35   1.16074263e+14 -9.10536882e+13  4.84e+03 1.35e+00  9.15e+07    59s
  36   7.09216444e+13 -6.57489996e+13  2.79e+03 1.36e+00  5.98e+07    60s
  37   5.91762296e+13 -5.07381241e+13  2.26e+03 1.32e+00  4.79e+07    61s
  38   5.34615857e+13 -3.96331358e+13  2.01e+03 1.25e+00  4.06e+07    62s
  39   4.50022407e+13 -3.01721666e+13  1.64e+03 1.16e+00  3.27e+07    63s
  40   4.28789092e+13 -2.50486343e+13  1.55e+03 1.13e+00  2.96e+07    64s
  41   2.62735810e+13 -1.45487680e+13  8.46e+02 1.11e+00  1.77e+07    65s
  42   2.21182587e+13 -1.04553077e+13  6.70e+02 9.27e-01  1.41e+07    66s
  43   1.78614707e+13 -8.05833299e+12  4.98e+02 7.94e-01  1.12e+07    67s
  44   1.59426005e+13 -4.32870047e+12  4.24e+02 6.49e-01  8.74e+06    68s
  45   1.26249021e+13 -2.45878500e+12  3.04e+02 6.06e-01  6.49e+06    70s
  46   1.10394850e+13 -1.65911941e+12  2.53e+02 5.57e-01  5.45e+06    71s
  47   9.50947290e+12 -1.19173713e+12  2.06e+02 5.04e-01  4.59e+06    72s
  48   8.13109317e+12 -4.55712681e+11  1.68e+02 3.56e-01  3.68e+06    73s
  49   7.19593991e+12 -3.20122550e+10  1.44e+02 2.88e-01  3.09e+06    74s
  50   6.23868427e+12  1.78164648e+11  1.20e+02 3.13e-01  2.59e+06    75s
  51   5.16216686e+12  3.91661660e+11  9.32e+01 2.69e-01  2.04e+06    76s
  52   4.31912742e+12  5.95510217e+11  7.21e+01 2.31e-01  1.59e+06    77s
  53   3.78817437e+12  7.38368692e+11  5.92e+01 2.05e-01  1.30e+06    78s
  54   3.34770405e+12  8.79617419e+11  4.85e+01 1.77e-01  1.05e+06    79s
  55   2.89758740e+12  9.96088488e+11  3.73e+01 1.53e-01  8.07e+05    81s
  56   2.61105662e+12  1.06992084e+12  3.04e+01 1.38e-01  6.53e+05    82s
  57   2.30812802e+12  1.12239994e+12  2.30e+01 1.24e-01  5.02e+05    83s
  58   2.20628818e+12  1.16221586e+12  2.06e+01 1.11e-01  4.41e+05    84s
  59   2.04628413e+12  1.20780557e+12  1.66e+01 1.22e-01  3.54e+05    85s
  60   1.88740186e+12  1.23695774e+12  1.27e+01 1.20e-01  2.74e+05    86s
  61   1.78995725e+12  1.27274625e+12  1.00e+01 1.08e-01  2.18e+05    87s
  62   1.73496575e+12  1.29325123e+12  8.41e+00 9.77e-02  1.86e+05    88s
  63   1.70361086e+12  1.29644346e+12  7.76e+00 8.90e-02  1.71e+05    90s
  64   1.65251652e+12  1.32226075e+12  6.35e+00 7.45e-02  1.39e+05    91s
  65   1.61938774e+12  1.33234313e+12  5.57e+00 6.41e-02  1.20e+05    92s
  66   1.57914441e+12  1.34310228e+12  4.56e+00 5.44e-02  9.89e+04    93s
  67   1.54255219e+12  1.35524832e+12  3.59e+00 4.51e-02  7.83e+04    95s
  68   1.51845151e+12  1.36128576e+12  2.96e+00 4.03e-02  6.56e+04    96s
  69   1.50391100e+12  1.36924671e+12  2.59e+00 3.27e-02  5.62e+04    97s
  70   1.47846735e+12  1.37499926e+12  1.95e+00 2.66e-02  4.30e+04    99s
  71   1.46631998e+12  1.37974335e+12  1.65e+00 2.69e-02  3.59e+04   100s
  72   1.45004605e+12  1.38267067e+12  1.25e+00 3.22e-02  2.79e+04   101s
  73   1.44535678e+12  1.38422518e+12  1.14e+00 2.82e-02  2.52e+04   102s
  74   1.44126125e+12  1.38487522e+12  1.04e+00 2.69e-02  2.32e+04   104s
  75   1.43655093e+12  1.38596600e+12  9.19e-01 2.39e-02  2.08e+04   105s
  76   1.43378155e+12  1.38802299e+12  8.52e-01 1.95e-02  1.88e+04   106s
  77   1.42862650e+12  1.38915463e+12  7.29e-01 1.68e-02  1.61e+04   108s
  78   1.42531258e+12  1.39010687e+12  6.49e-01 1.48e-02  1.43e+04   109s
  79   1.42382337e+12  1.39063893e+12  6.12e-01 1.38e-02  1.35e+04   110s
  80   1.41929725e+12  1.39166887e+12  5.00e-01 1.16e-02  1.12e+04   112s
  81   1.41571818e+12  1.39221916e+12  4.12e-01 1.05e-02  9.44e+03   113s
  82   1.41203477e+12  1.39333966e+12  3.21e-01 8.04e-03  7.42e+03   115s
  83   1.40897106e+12  1.39426533e+12  2.48e-01 6.11e-03  5.75e+03   116s
  84   1.40681868e+12  1.39486859e+12  1.96e-01 4.86e-03  4.59e+03   117s
  85   1.40507486e+12  1.39544768e+12  1.56e-01 3.67e-03  3.62e+03   119s
  86   1.40380963e+12  1.39598813e+12  1.25e-01 2.55e-03  2.86e+03   120s
  87   1.40245805e+12  1.39631447e+12  9.30e-02 1.89e-03  2.16e+03   121s
  88   1.40149268e+12  1.39654571e+12  7.02e-02 1.44e-03  1.65e+03   123s
  89   1.40087157e+12  1.39680423e+12  5.56e-02 9.40e-04  1.29e+03   124s
  90   1.40024214e+12  1.39690616e+12  4.17e-02 7.44e-04  9.79e+02   125s
  91   1.39981704e+12  1.39700369e+12  3.19e-02 5.67e-04  7.60e+02   127s
  92   1.39953525e+12  1.39709816e+12  2.53e-02 4.31e-04  6.03e+02   128s
  93   1.39932727e+12  1.39721083e+12  1.91e-02 3.09e-04  4.69e+02   129s

Barrier solved model in 93 iterations and 129.36 seconds (311.93 work units)
Optimal objective 1.39932727e+12


User-callback calls 17166, time in user-callback 0.02 sec

Gurobi 13.0.2 (mac64[arm]) logging started Thu Jun 25 21:23:58 2026

Set parameter LogFile to value "/Users/al3792/Documents_Local/NZC_June_2026/NZC_Workshop_Example_Systems_June_2026/NZC_Workshop_All Sector_12day_MultiPeriods_WIP/case/gurobi.log"

Gurobi 13.0.2 (mac64[arm]) logging started Thu Jun 25 21:24:33 2026

Set parameter LogFile to value "/Users/al3792/Documents_Local/NZC_June_2026/NZC_Workshop_Example_Systems_June_2026/NZC_Workshop_All Sector_12day_MultiPeriods_WIP/case/gurobi.log"
Gurobi Optimizer version 13.0.2 build v13.0.2rc1 (mac64[arm] - Darwin 25.5.0 25F80)

CPU model: Apple M4 Pro
Thread count: 14 physical cores, 14 logical processors, using up to 8 threads

Non-default parameters:
Method  2
BarConvTol  0.001
Crossover  0
NumericFocus  1
Threads  8

Optimize a model with 5293533 rows, 4118452 columns and 15968213 nonzeros (Min)
Model fingerprint: 0x55ec722d
Model has 1870654 linear objective coefficients
Coefficient statistics:
  Matrix range     [1e-03, 1e+06]
  Objective range  [2e-05, 4e+08]
  Bounds range     [1e+00, 1e+00]
  RHS range        [3e-01, 1e+06]

Presolve removed 2487614 rows and 1009616 columns
Presolve time: 0.72s

Barrier solved model in 0 iterations and 0.72 seconds (1.21 work units)
Model is infeasible

User-callback calls 30, time in user-callback 0.00 sec

Gurobi 13.0.2 (mac64[arm]) logging started Thu Jun 25 21:54:09 2026

Set parameter LogFile to value "/Users/al3792/Documents_Local/NZC_June_2026/NZC_Workshop_Example_Systems_June_2026/NZC_Workshop_All Sector_12day_MultiPeriods_WIP/case/gurobi.log"

Gurobi 13.0.2 (mac64[arm]) logging started Thu Jun 25 21:54:53 2026

Set parameter LogFile to value "/Users/al3792/Documents_Local/NZC_June_2026/NZC_Workshop_Example_Systems_June_2026/NZC_Workshop_All Sector_12day_MultiPeriods_WIP/case/gurobi.log"
Gurobi Optimizer version 13.0.2 build v13.0.2rc1 (mac64[arm] - Darwin 25.5.0 25F80)

CPU model: Apple M4 Pro
Thread count: 14 physical cores, 14 logical processors, using up to 8 threads

Non-default parameters:
Method  2
BarConvTol  0.001
Crossover  0
NumericFocus  1
Threads  8

Optimize a model with 5293533 rows, 4118452 columns and 15968213 nonzeros (Min)
Model fingerprint: 0x98d2e815
Model has 1870654 linear objective coefficients
Coefficient statistics:
  Matrix range     [1e-03, 1e+06]
  Objective range  [2e-05, 4e+08]
  Bounds range     [1e+00, 1e+00]
  RHS range        [3e-01, 1e+06]

Presolve removed 3988925 rows and 2911177 columns (presolve time = 5s)...
Presolve removed 3997826 rows and 2939892 columns
Presolve time: 6.09s
Presolved: 1295707 rows, 1178560 columns, 6678872 nonzeros
Elapsed ordering time = 5s
Ordering time: 14.29s

Barrier statistics:
 Dense cols : 1034
 Free vars  : 168
 AA' NZ     : 3.197e+07
 Factor NZ  : 1.243e+08 (roughly 2.0 GB of memory)
 Factor Ops : 1.009e+11 (less than 1 second per iteration)
 Threads    : 8

                  Objective                Residual
Iter       Primal          Dual         Primal    Dual     Compl     Time
   0   3.95754526e+17 -1.69926560e+16  4.13e+09 8.17e+04  1.78e+14    23s
   1   3.61228421e+17 -2.38997395e+16  3.58e+09 1.81e+07  1.37e+14    24s
   2   3.25193937e+17 -2.50029148e+16  2.98e+09 1.66e+07  1.25e+14    25s
   3   2.97151390e+17 -3.38570278e+17  2.39e+09 9.61e+06  1.13e+14    26s
   4   9.30725249e+17 -3.45623716e+17  1.15e+09 6.58e+06  6.22e+13    27s
   5   2.00407125e+18 -3.74660840e+17  2.97e+08 1.29e+06  1.52e+13    28s
   6   1.52511811e+18 -3.51445721e+17  6.98e+07 3.52e+05  4.20e+12    29s
   7   5.63134907e+17 -2.64261060e+17  8.65e+06 5.78e+04  7.91e+11    29s
   8   3.64925581e+17 -1.44847989e+17  5.31e+06 2.08e+04  3.90e+11    30s
   9   3.35685116e+17 -1.42622356e+17  4.79e+06 2.05e+04  3.66e+11    31s
  10   1.32530926e+17 -8.01212273e+16  1.79e+06 8.80e+03  1.45e+11    31s
  11   6.41200228e+16 -4.03736714e+16  8.10e+05 3.41e+03  6.39e+10    32s
  12   4.03613831e+16 -3.52825683e+16  5.12e+05 2.81e+03  4.57e+10    33s
  13   5.76273920e+15 -1.61359339e+16  6.98e+04 6.89e+02  1.16e+10    34s
  14   7.33879775e+15 -1.39190943e+16  6.41e+04 5.55e+02  1.08e+10    35s
  15   4.76624056e+15 -8.72167162e+15  4.01e+04 2.62e+02  6.47e+09    35s
  16   3.25749034e+15 -5.02823280e+15  2.18e+04 1.52e+02  3.82e+09    36s
  17   2.46642944e+15 -3.89658297e+15  1.65e+04 1.15e+02  2.90e+09    37s
  18   1.62221581e+15 -3.06737873e+15  1.07e+04 8.82e+01  2.11e+09    38s
  19   1.35277853e+15 -2.08920505e+15  8.77e+03 5.76e+01  1.53e+09    38s
  20   1.06088964e+15 -1.39542110e+15  6.73e+03 3.75e+01  1.08e+09    39s
  21   6.92174663e+14 -9.89259073e+14  4.14e+03 2.63e+01  7.31e+08    40s
  22   4.18378036e+14 -6.73484475e+14  2.31e+03 1.75e+01  4.70e+08    41s
  23   2.98131801e+14 -4.28773694e+14  1.52e+03 1.10e+01  3.12e+08    42s
  24   1.79953344e+14 -2.94919826e+14  8.07e+02 7.54e+00  2.03e+08    43s
  25   1.09575027e+14 -2.20771563e+14  3.97e+02 5.88e+00  1.41e+08    44s
  26   9.47761866e+13 -1.65405317e+14  3.22e+02 4.61e+00  1.11e+08    44s
  27   8.62369206e+13 -1.46108516e+14  2.78e+02 4.14e+00  9.87e+07    45s
  28   7.64476866e+13 -1.43479585e+14  2.32e+02 4.08e+00  9.34e+07    46s
  29   7.32026673e+13 -1.25320871e+14  2.17e+02 3.66e+00  8.43e+07    46s
  30   6.10423739e+13 -9.69261355e+13  1.62e+02 2.97e+00  6.70e+07    47s
  31   5.61197324e+13 -8.33974191e+13  1.41e+02 2.66e+00  5.92e+07    48s
  32   4.89046260e+13 -6.52380598e+13  1.12e+02 2.15e+00  4.84e+07    49s
  33   4.62802123e+13 -5.89421540e+13  1.03e+02 1.97e+00  4.46e+07    50s
  34   4.38775440e+13 -4.52073111e+13  9.42e+01 1.55e+00  3.77e+07    51s
  35   3.83804781e+13 -3.63303425e+13  7.66e+01 1.27e+00  3.16e+07    52s
  36   3.27024515e+13 -3.22771492e+13  6.04e+01 1.14e+00  2.75e+07    53s
  37   3.03841021e+13 -2.50898657e+13  5.45e+01 8.81e-01  2.35e+07    54s
  38   2.85266493e+13 -2.31131275e+13  5.00e+01 8.16e-01  2.19e+07    55s
  39   2.53040327e+13 -1.68754625e+13  4.26e+01 6.22e-01  1.78e+07    56s
  40   2.18474004e+13 -1.29562203e+13  3.49e+01 4.97e-01  1.47e+07    56s
  41   1.78295215e+13 -8.33845089e+12  2.59e+01 3.72e-01  1.10e+07    57s
  42   1.43004061e+13 -5.23708098e+12  1.86e+01 2.88e-01  8.24e+06    58s
  43   1.20932264e+13 -2.83498927e+12  1.46e+01 2.84e-01  6.29e+06    59s
  44   1.09405546e+13 -1.58694203e+12  1.26e+01 2.71e-01  5.28e+06    60s
  45   9.92315147e+12 -1.00475890e+12  1.09e+01 2.59e-01  4.60e+06    61s
  46   9.30592078e+12 -2.49927719e+11  9.94e+00 2.43e-01  4.02e+06    62s
  47   8.03081988e+12  3.10927285e+11  7.91e+00 2.28e-01  3.25e+06    63s
  48   6.97957551e+12  8.44648541e+11  6.33e+00 2.05e-01  2.58e+06    64s
  49   6.31720785e+12  1.14577319e+12  5.29e+00 1.88e-01  2.17e+06    65s
  50   5.72072121e+12  1.42879362e+12  4.36e+00 1.69e-01  1.80e+06    66s
  51   5.33056236e+12  1.72042592e+12  3.73e+00 1.50e-01  1.52e+06    67s
  52   4.68112170e+12  1.98313617e+12  2.76e+00 1.31e-01  1.13e+06    68s
  53   4.33166709e+12  2.15995375e+12  2.19e+00 1.14e-01  9.11e+05    69s
  54   4.02329109e+12  2.32978024e+12  1.72e+00 9.71e-02  7.10e+05    70s
  55   3.75258972e+12  2.45180671e+12  1.28e+00 8.35e-02  5.45e+05    71s
  56   3.58588168e+12  2.56222034e+12  1.02e+00 6.86e-02  4.29e+05    72s
  57   3.43604910e+12  2.63192404e+12  7.80e-01 5.82e-02  3.37e+05    73s
  58   3.27602169e+12  2.69892268e+12  5.56e-01 4.64e-02  2.42e+05    74s
  59   3.19739310e+12  2.74093107e+12  4.38e-01 4.08e-02  1.91e+05    75s
  60   3.12376357e+12  2.78180148e+12  3.35e-01 3.60e-02  1.43e+05    76s
  61   3.04904218e+12  2.80326673e+12  2.31e-01 3.20e-02  1.03e+05    77s
  62   2.99826853e+12  2.81903645e+12  1.62e-01 2.78e-02  7.51e+04    78s
  63   2.96826801e+12  2.83314889e+12  1.20e-01 2.27e-02  5.66e+04    79s
  64   2.95081823e+12  2.84379906e+12  9.66e-02 1.84e-02  4.48e+04    80s
  65   2.93538012e+12  2.85372468e+12  7.57e-02 1.37e-02  3.42e+04    81s
  66   2.92397543e+12  2.85957341e+12  6.09e-02 1.00e-02  2.69e+04    82s
  67   2.91065759e+12  2.86312783e+12  4.37e-02 7.54e-03  1.99e+04    83s
  68   2.90474771e+12  2.86584387e+12  3.61e-02 5.37e-03  1.63e+04    84s
  69   2.89729996e+12  2.86849685e+12  2.71e-02 3.51e-03  1.20e+04    85s
  70   2.89107055e+12  2.87021290e+12  1.97e-02 2.20e-03  8.72e+03    86s
  71   2.88679046e+12  2.87102830e+12  1.46e-02 1.65e-03  6.59e+03    87s
  72   2.88262509e+12  2.87167059e+12  9.66e-03 1.28e-03  4.58e+03    88s
  73   2.87986559e+12  2.87244422e+12  6.39e-03 8.47e-04  3.10e+03    89s
  74   2.87806261e+12  2.87296283e+12  4.24e-03 5.79e-04  2.13e+03    90s
  75   2.87652876e+12  2.87333572e+12  2.50e-03 3.92e-04  1.34e+03    91s
  76   2.87587862e+12  2.87350924e+12  1.79e-03 3.03e-04  9.92e+02    93s

Barrier solved model in 76 iterations and 92.70 seconds (262.91 work units)
Optimal objective 2.87587862e+12


User-callback calls 16323, time in user-callback 0.01 sec
